<?xml version="1.0" encoding="UTF-8"?>
<testsuite xmlns:xsi="http://www.w3.org/2001/XMLSchema-instance" xsi:noNamespaceSchemaLocation="https://maven.apache.org/surefire/maven-surefire-plugin/xsd/surefire-test-report-3.0.xsd" version="3.0" name="TestSuite" time="47.348" tests="1" errors="0" skipped="0" failures="0">
  <properties>
    <property name="sun.desktop" value="windows"/>
    <property name="awt.toolkit" value="sun.awt.windows.WToolkit"/>
    <property name="file.encoding.pkg" value="sun.io"/>
    <property name="java.specification.version" value="1.8"/>
    <property name="webdriver.chrome.driver" value="C:\Users\gurenderkush\.cache\selenium\chromedriver\win32\107.0.5304.62\chromedriver.exe"/>
    <property name="sun.cpu.isalist" value="amd64"/>
    <property name="sun.jnu.encoding" value="Cp1252"/>
    <property name="java.class.path" value="D:\workspace\Unlimint_Automation\target\test-classes;D:\workspace\Unlimint_Automation\target\classes;C:\Users\gurenderkush\.m2\repository\org\testng\testng\7.5\testng-7.5.jar;C:\Users\gurenderkush\.m2\repository\com\google\code\findbugs\jsr305\3.0.1\jsr305-3.0.1.jar;C:\Users\gurenderkush\.m2\repository\org\slf4j\slf4j-api\1.7.32\slf4j-api-1.7.32.jar;C:\Users\gurenderkush\.m2\repository\com\beust\jcommander\1.78\jcommander-1.78.jar;C:\Users\gurenderkush\.m2\repository\org\webjars\jquery\3.5.1\jquery-3.5.1.jar;C:\Users\gurenderkush\.m2\repository\net\sourceforge\tess4j\tess4j\5.2.0\tess4j-5.2.0.jar;C:\Users\gurenderkush\.m2\repository\net\java\dev\jna\jna\5.10.0\jna-5.10.0.jar;C:\Users\gurenderkush\.m2\repository\com\github\jai-imageio\jai-imageio-core\1.4.0\jai-imageio-core-1.4.0.jar;C:\Users\gurenderkush\.m2\repository\org\apache\pdfbox\pdfbox\2.0.25\pdfbox-2.0.25.jar;C:\Users\gurenderkush\.m2\repository\org\apache\pdfbox\fontbox\2.0.25\fontbox-2.0.25.jar;C:\Users\gurenderkush\.m2\repository\org\apache\pdfbox\pdfbox-tools\2.0.25\pdfbox-tools-2.0.25.jar;C:\Users\gurenderkush\.m2\repository\org\apache\pdfbox\pdfbox-debugger\2.0.25\pdfbox-debugger-2.0.25.jar;C:\Users\gurenderkush\.m2\repository\org\apache\pdfbox\jbig2-imageio\3.0.4\jbig2-imageio-3.0.4.jar;C:\Users\gurenderkush\.m2\repository\commons-io\commons-io\2.11.0\commons-io-2.11.0.jar;C:\Users\gurenderkush\.m2\repository\net\sourceforge\lept4j\lept4j\1.16.1\lept4j-1.16.1.jar;C:\Users\gurenderkush\.m2\repository\org\jboss\jboss-vfs\3.2.16.Final\jboss-vfs-3.2.16.Final.jar;C:\Users\gurenderkush\.m2\repository\org\jboss\logging\jboss-logging\3.1.4.GA\jboss-logging-3.1.4.GA.jar;C:\Users\gurenderkush\.m2\repository\io\appium\java-client\6.0.0\java-client-6.0.0.jar;C:\Users\gurenderkush\.m2\repository\org\seleniumhq\selenium\selenium-support\3.12.0\selenium-support-3.12.0.jar;C:\Users\gurenderkush\.m2\repository\cglib\cglib\3.2.6\cglib-3.2.6.jar;C:\Users\gurenderkush\.m2\repository\org\ow2\asm\asm\6.0\asm-6.0.jar;C:\Users\gurenderkush\.m2\repository\org\apache\ant\ant\1.9.6\ant-1.9.6.jar;C:\Users\gurenderkush\.m2\repository\org\apache\ant\ant-launcher\1.9.6\ant-launcher-1.9.6.jar;C:\Users\gurenderkush\.m2\repository\commons-validator\commons-validator\1.6\commons-validator-1.6.jar;C:\Users\gurenderkush\.m2\repository\commons-beanutils\commons-beanutils\1.9.2\commons-beanutils-1.9.2.jar;C:\Users\gurenderkush\.m2\repository\commons-digester\commons-digester\1.8.1\commons-digester-1.8.1.jar;C:\Users\gurenderkush\.m2\repository\org\springframework\spring-context\5.0.5.RELEASE\spring-context-5.0.5.RELEASE.jar;C:\Users\gurenderkush\.m2\repository\org\springframework\spring-aop\5.0.5.RELEASE\spring-aop-5.0.5.RELEASE.jar;C:\Users\gurenderkush\.m2\repository\org\springframework\spring-beans\5.0.5.RELEASE\spring-beans-5.0.5.RELEASE.jar;C:\Users\gurenderkush\.m2\repository\org\springframework\spring-core\5.0.5.RELEASE\spring-core-5.0.5.RELEASE.jar;C:\Users\gurenderkush\.m2\repository\org\springframework\spring-jcl\5.0.5.RELEASE\spring-jcl-5.0.5.RELEASE.jar;C:\Users\gurenderkush\.m2\repository\org\springframework\spring-expression\5.0.5.RELEASE\spring-expression-5.0.5.RELEASE.jar;C:\Users\gurenderkush\.m2\repository\org\aspectj\aspectjweaver\1.9.1\aspectjweaver-1.9.1.jar;C:\Users\gurenderkush\.m2\repository\org\openpnp\opencv\3.2.0-1\opencv-3.2.0-1.jar;C:\Users\gurenderkush\.m2\repository\javax\websocket\javax.websocket-api\1.1\javax.websocket-api-1.1.jar;C:\Users\gurenderkush\.m2\repository\org\glassfish\tyrus\tyrus-client\1.13.1\tyrus-client-1.13.1.jar;C:\Users\gurenderkush\.m2\repository\org\glassfish\tyrus\tyrus-core\1.13.1\tyrus-core-1.13.1.jar;C:\Users\gurenderkush\.m2\repository\org\glassfish\tyrus\tyrus-spi\1.13.1\tyrus-spi-1.13.1.jar;C:\Users\gurenderkush\.m2\repository\org\glassfish\tyrus\tyrus-container-grizzly\1.2.1\tyrus-container-grizzly-1.2.1.jar;C:\Users\gurenderkush\.m2\repository\org\glassfish\grizzly\grizzly-framework\2.3.3\grizzly-framework-2.3.3.jar;C:\Users\gurenderkush\.m2\repository\org\glassfish\grizzly\grizzly-http-server\2.3.3\grizzly-http-server-2.3.3.jar;C:\Users\gurenderkush\.m2\repository\org\glassfish\grizzly\grizzly-http\2.3.3\grizzly-http-2.3.3.jar;C:\Users\gurenderkush\.m2\repository\org\glassfish\grizzly\grizzly-rcm\2.3.3\grizzly-rcm-2.3.3.jar;C:\Users\gurenderkush\.m2\repository\org\freemarker\freemarker\2.3.31\freemarker-2.3.31.jar;C:\Users\gurenderkush\.m2\repository\com\aventstack\extentreports\3.0.7\extentreports-3.0.7.jar;C:\Users\gurenderkush\.m2\repository\org\mongodb\mongodb-driver\3.3.0\mongodb-driver-3.3.0.jar;C:\Users\gurenderkush\.m2\repository\org\mongodb\bson\3.3.0\bson-3.3.0.jar;C:\Users\gurenderkush\.m2\repository\org\mongodb\mongodb-driver-core\3.3.0\mongodb-driver-core-3.3.0.jar;C:\Users\gurenderkush\.m2\repository\org\apache\httpcomponents\httpmime\4.5.2\httpmime-4.5.2.jar;C:\Users\gurenderkush\.m2\repository\com\vimalselvam\cucumber-extentsreport\3.1.1\cucumber-extentsreport-3.1.1.jar;C:\Users\gurenderkush\.m2\repository\com\sun\mail\javax.mail\1.6.2\javax.mail-1.6.2.jar;C:\Users\gurenderkush\.m2\repository\javax\activation\activation\1.1\activation-1.1.jar;C:\Users\gurenderkush\.m2\repository\com\google\android\android\4.1.1.4\android-4.1.1.4.jar;C:\Users\gurenderkush\.m2\repository\commons-logging\commons-logging\1.1.1\commons-logging-1.1.1.jar;C:\Users\gurenderkush\.m2\repository\org\khronos\opengl-api\gl1.1-android-2.1_r1\opengl-api-gl1.1-android-2.1_r1.jar;C:\Users\gurenderkush\.m2\repository\xerces\xmlParserAPIs\2.6.2\xmlParserAPIs-2.6.2.jar;C:\Users\gurenderkush\.m2\repository\xpp3\xpp3\1.1.4c\xpp3-1.1.4c.jar;C:\Users\gurenderkush\.m2\repository\info\cukes\cucumber-java8\1.2.5\cucumber-java8-1.2.5.jar;C:\Users\gurenderkush\.m2\repository\info\cukes\cucumber-java\1.2.5\cucumber-java-1.2.5.jar;C:\Users\gurenderkush\.m2\repository\info\cukes\cucumber-jvm-deps\1.0.5\cucumber-jvm-deps-1.0.5.jar;C:\Users\gurenderkush\.m2\repository\com\google\guava\guava\31.1-jre\guava-31.1-jre.jar;C:\Users\gurenderkush\.m2\repository\com\google\guava\failureaccess\1.0.1\failureaccess-1.0.1.jar;C:\Users\gurenderkush\.m2\repository\com\google\guava\listenablefuture\9999.0-empty-to-avoid-conflict-with-guava\listenablefuture-9999.0-empty-to-avoid-conflict-with-guava.jar;C:\Users\gurenderkush\.m2\repository\org\checkerframework\checker-qual\3.12.0\checker-qual-3.12.0.jar;C:\Users\gurenderkush\.m2\repository\com\google\errorprone\error_prone_annotations\2.11.0\error_prone_annotations-2.11.0.jar;C:\Users\gurenderkush\.m2\repository\com\google\j2objc\j2objc-annotations\1.3\j2objc-annotations-1.3.jar;C:\Users\gurenderkush\.m2\repository\info\cukes\cucumber-core\1.2.5\cucumber-core-1.2.5.jar;C:\Users\gurenderkush\.m2\repository\info\cukes\cucumber-html\0.2.3\cucumber-html-0.2.3.jar;C:\Users\gurenderkush\.m2\repository\info\cukes\gherkin\2.12.2\gherkin-2.12.2.jar;C:\Users\gurenderkush\.m2\repository\info\cukes\cucumber-testng\1.2.5\cucumber-testng-1.2.5.jar;C:\Users\gurenderkush\.m2\repository\info\cukes\cucumber-picocontainer\1.2.5\cucumber-picocontainer-1.2.5.jar;C:\Users\gurenderkush\.m2\repository\org\picocontainer\picocontainer\2.15\picocontainer-2.15.jar;C:\Users\gurenderkush\.m2\repository\net\masterthought\cucumber-reporting\5.7.0\cucumber-reporting-5.7.0.jar;C:\Users\gurenderkush\.m2\repository\com\fasterxml\jackson\datatype\jackson-datatype-jsr310\2.13.0\jackson-datatype-jsr310-2.13.0.jar;C:\Users\gurenderkush\.m2\repository\org\apache\velocity\velocity-engine-core\2.3\velocity-engine-core-2.3.jar;C:\Users\gurenderkush\.m2\repository\commons-collections\commons-collections\3.2.2\commons-collections-3.2.2.jar;C:\Users\gurenderkush\.m2\repository\joda-time\joda-time\2.10.10\joda-time-2.10.10.jar;C:\Users\gurenderkush\.m2\repository\org\codehaus\plexus\plexus-utils\3.3.0\plexus-utils-3.3.0.jar;C:\Users\gurenderkush\.m2\repository\com\googlecode\owasp-java-html-sanitizer\owasp-java-html-sanitizer\20211018.2\owasp-java-html-sanitizer-20211018.2.jar;C:\Users\gurenderkush\.m2\repository\commons-configuration\commons-configuration\1.10\commons-configuration-1.10.jar;C:\Users\gurenderkush\.m2\repository\com\github\mkolisnyk\cucumber-report-generator\1.3.5\cucumber-report-generator-1.3.5.jar;C:\Users\gurenderkush\.m2\repository\xml-apis\xml-apis\1.4.01\xml-apis-1.4.01.jar;C:\Users\gurenderkush\.m2\repository\batik\batik-transcoder\1.6-1\batik-transcoder-1.6-1.jar;C:\Users\gurenderkush\.m2\repository\batik\batik-bridge\1.6-1\batik-bridge-1.6-1.jar;C:\Users\gurenderkush\.m2\repository\batik\batik-gvt\1.6-1\batik-gvt-1.6-1.jar;C:\Users\gurenderkush\.m2\repository\batik\batik-awt-util\1.6-1\batik-awt-util-1.6-1.jar;C:\Users\gurenderkush\.m2\repository\batik\batik-util\1.6-1\batik-util-1.6-1.jar;C:\Users\gurenderkush\.m2\repository\batik\batik-gui-util\1.6-1\batik-gui-util-1.6-1.jar;C:\Users\gurenderkush\.m2\repository\batik\batik-ext\1.6-1\batik-ext-1.6-1.jar;C:\Users\gurenderkush\.m2\repository\xml-apis\xmlParserAPIs\2.0.2\xmlParserAPIs-2.0.2.jar;C:\Users\gurenderkush\.m2\repository\batik\batik-script\1.6-1\batik-script-1.6-1.jar;C:\Users\gurenderkush\.m2\repository\rhino\js\1.5R4.1\js-1.5R4.1.jar;C:\Users\gurenderkush\.m2\repository\batik\batik-svg-dom\1.6-1\batik-svg-dom-1.6-1.jar;C:\Users\gurenderkush\.m2\repository\batik\batik-dom\1.6-1\batik-dom-1.6-1.jar;C:\Users\gurenderkush\.m2\repository\batik\batik-css\1.6-1\batik-css-1.6-1.jar;C:\Users\gurenderkush\.m2\repository\batik\batik-xml\1.6-1\batik-xml-1.6-1.jar;C:\Users\gurenderkush\.m2\repository\batik\batik-parser\1.6-1\batik-parser-1.6-1.jar;C:\Users\gurenderkush\.m2\repository\com\itextpdf\itextpdf\5.5.12\itextpdf-5.5.12.jar;C:\Users\gurenderkush\.m2\repository\com\cedarsoftware\json-io\4.10.0\json-io-4.10.0.jar;C:\Users\gurenderkush\.m2\repository\info\cukes\cucumber-junit\1.2.5\cucumber-junit-1.2.5.jar;C:\Users\gurenderkush\.m2\repository\junit\junit\4.12\junit-4.12.jar;C:\Users\gurenderkush\.m2\repository\org\hamcrest\hamcrest-core\1.3\hamcrest-core-1.3.jar;C:\Users\gurenderkush\.m2\repository\org\xhtmlrenderer\flying-saucer-pdf\9.1.7\flying-saucer-pdf-9.1.7.jar;C:\Users\gurenderkush\.m2\repository\com\lowagie\itext\2.1.7\itext-2.1.7.jar;C:\Users\gurenderkush\.m2\repository\org\bouncycastle\bctsp-jdk14\1.38\bctsp-jdk14-1.38.jar;C:\Users\gurenderkush\.m2\repository\org\xhtmlrenderer\flying-saucer-core\9.1.7\flying-saucer-core-9.1.7.jar;C:\Users\gurenderkush\.m2\repository\commons-codec\commons-codec\1.10\commons-codec-1.10.jar;C:\Users\gurenderkush\.m2\repository\org\apache\maven\maven-plugin-api\2.0\maven-plugin-api-2.0.jar;C:\Users\gurenderkush\.m2\repository\org\apache\maven\reporting\maven-reporting-api\2.0.8\maven-reporting-api-2.0.8.jar;C:\Users\gurenderkush\.m2\repository\org\apache\maven\doxia\doxia-sink-api\1.0-alpha-9\doxia-sink-api-1.0-alpha-9.jar;C:\Users\gurenderkush\.m2\repository\org\apache\maven\reporting\maven-reporting-impl\2.0.4.3\maven-reporting-impl-2.0.4.3.jar;C:\Users\gurenderkush\.m2\repository\org\apache\maven\maven-project\2.0.4\maven-project-2.0.4.jar;C:\Users\gurenderkush\.m2\repository\org\apache\maven\maven-settings\2.0.4\maven-settings-2.0.4.jar;C:\Users\gurenderkush\.m2\repository\org\apache\maven\maven-profile\2.0.4\maven-profile-2.0.4.jar;C:\Users\gurenderkush\.m2\repository\org\apache\maven\maven-model\2.0.4\maven-model-2.0.4.jar;C:\Users\gurenderkush\.m2\repository\org\apache\maven\maven-artifact-manager\2.0.4\maven-artifact-manager-2.0.4.jar;C:\Users\gurenderkush\.m2\repository\org\apache\maven\maven-repository-metadata\2.0.4\maven-repository-metadata-2.0.4.jar;C:\Users\gurenderkush\.m2\repository\org\apache\maven\wagon\wagon-provider-api\1.0-alpha-6\wagon-provider-api-1.0-alpha-6.jar;C:\Users\gurenderkush\.m2\repository\org\apache\maven\maven-artifact\2.0.4\maven-artifact-2.0.4.jar;C:\Users\gurenderkush\.m2\repository\org\codehaus\plexus\plexus-container-default\1.0-alpha-9\plexus-container-default-1.0-alpha-9.jar;C:\Users\gurenderkush\.m2\repository\classworlds\classworlds\1.1-alpha-2\classworlds-1.1-alpha-2.jar;C:\Users\gurenderkush\.m2\repository\org\apache\maven\doxia\doxia-core\1.0\doxia-core-1.0.jar;C:\Users\gurenderkush\.m2\repository\org\apache\maven\doxia\doxia-site-renderer\1.0\doxia-site-renderer-1.0.jar;C:\Users\gurenderkush\.m2\repository\org\codehaus\plexus\plexus-i18n\1.0-beta-7\plexus-i18n-1.0-beta-7.jar;C:\Users\gurenderkush\.m2\repository\org\codehaus\plexus\plexus-velocity\1.1.7\plexus-velocity-1.1.7.jar;C:\Users\gurenderkush\.m2\repository\org\apache\maven\doxia\doxia-decoration-model\1.0\doxia-decoration-model-1.0.jar;C:\Users\gurenderkush\.m2\repository\org\apache\maven\doxia\doxia-module-apt\1.0\doxia-module-apt-1.0.jar;C:\Users\gurenderkush\.m2\repository\org\apache\maven\doxia\doxia-module-fml\1.0\doxia-module-fml-1.0.jar;C:\Users\gurenderkush\.m2\repository\org\apache\maven\doxia\doxia-module-xdoc\1.0\doxia-module-xdoc-1.0.jar;C:\Users\gurenderkush\.m2\repository\org\apache\maven\doxia\doxia-module-xhtml\1.0\doxia-module-xhtml-1.0.jar;C:\Users\gurenderkush\.m2\repository\org\apache\maven\shared\maven-doxia-tools\1.0.2\maven-doxia-tools-1.0.2.jar;C:\Users\gurenderkush\.m2\repository\com\github\mkolisnyk\cucumber-runner\1.3.5\cucumber-runner-1.3.5.jar;C:\Users\gurenderkush\.m2\repository\log4j\log4j\1.2.17\log4j-1.2.17.jar;C:\Users\gurenderkush\.m2\repository\io\codearte\jfairy\jfairy\0.5.9\jfairy-0.5.9.jar;C:\Users\gurenderkush\.m2\repository\org\apache\commons\commons-math3\3.6.1\commons-math3-3.6.1.jar;C:\Users\gurenderkush\.m2\repository\org\yaml\snakeyaml\1.18\snakeyaml-1.18.jar;C:\Users\gurenderkush\.m2\repository\com\google\inject\extensions\guice-assistedinject\4.1.0\guice-assistedinject-4.1.0.jar;C:\Users\gurenderkush\.m2\repository\org\reflections\reflections\0.9.11\reflections-0.9.11.jar;C:\Users\gurenderkush\.m2\repository\org\iban4j\iban4j\3.2.1\iban4j-3.2.1.jar;C:\Users\gurenderkush\.m2\repository\com\github\cliftonlabs\json-simple\4.0.0\json-simple-4.0.0.jar;C:\Users\gurenderkush\.m2\repository\postgresql\postgresql\9.1-901-1.jdbc4\postgresql-9.1-901-1.jdbc4.jar;C:\Users\gurenderkush\.m2\repository\io\github\bonigarcia\webdrivermanager\4.3.1\webdrivermanager-4.3.1.jar;C:\Users\gurenderkush\.m2\repository\org\apache\httpcomponents\client5\httpclient5\5.0.3\httpclient5-5.0.3.jar;C:\Users\gurenderkush\.m2\repository\org\apache\httpcomponents\core5\httpcore5\5.0.2\httpcore5-5.0.2.jar;C:\Users\gurenderkush\.m2\repository\org\apache\httpcomponents\core5\httpcore5-h2\5.0.2\httpcore5-h2-5.0.2.jar;C:\Users\gurenderkush\.m2\repository\org\rauschig\jarchivelib\1.1.0\jarchivelib-1.1.0.jar;C:\Users\gurenderkush\.m2\repository\org\apache\commons\commons-compress\1.20\commons-compress-1.20.jar;C:\Users\gurenderkush\.m2\repository\org\apache\maven\plugins\maven-surefire-plugin\3.0.0-M5\maven-surefire-plugin-3.0.0-M5.jar;C:\Users\gurenderkush\.m2\repository\org\apache\maven\surefire\maven-surefire-common\3.0.0-M5\maven-surefire-common-3.0.0-M5.jar;C:\Users\gurenderkush\.m2\repository\org\apache\maven\surefire\surefire-api\3.0.0-M5\surefire-api-3.0.0-M5.jar;C:\Users\gurenderkush\.m2\repository\org\apache\maven\surefire\surefire-logger-api\3.0.0-M5\surefire-logger-api-3.0.0-M5.jar;C:\Users\gurenderkush\.m2\repository\org\apache\maven\surefire\surefire-extensions-api\3.0.0-M5\surefire-extensions-api-3.0.0-M5.jar;C:\Users\gurenderkush\.m2\repository\org\apache\maven\surefire\surefire-booter\3.0.0-M5\surefire-booter-3.0.0-M5.jar;C:\Users\gurenderkush\.m2\repository\org\apache\maven\surefire\surefire-extensions-spi\3.0.0-M5\surefire-extensions-spi-3.0.0-M5.jar;C:\Users\gurenderkush\.m2\repository\org\apache\maven\maven-toolchain\3.0-alpha-2\maven-toolchain-3.0-alpha-2.jar;C:\Users\gurenderkush\.m2\repository\org\apache\maven\shared\maven-artifact-transfer\0.11.0\maven-artifact-transfer-0.11.0.jar;C:\Users\gurenderkush\.m2\repository\org\apache\maven\shared\maven-common-artifact-filters\3.0.1\maven-common-artifact-filters-3.0.1.jar;C:\Users\gurenderkush\.m2\repository\org\sonatype\sisu\sisu-inject-plexus\1.4.2\sisu-inject-plexus-1.4.2.jar;C:\Users\gurenderkush\.m2\repository\org\codehaus\plexus\plexus-classworlds\2.2.3\plexus-classworlds-2.2.3.jar;C:\Users\gurenderkush\.m2\repository\org\sonatype\sisu\sisu-inject-bean\1.4.2\sisu-inject-bean-1.4.2.jar;C:\Users\gurenderkush\.m2\repository\org\sonatype\sisu\sisu-guice\2.1.7\sisu-guice-2.1.7-noaop.jar;C:\Users\gurenderkush\.m2\repository\org\apache\maven\shared\maven-shared-utils\3.1.0\maven-shared-utils-3.1.0.jar;C:\Users\gurenderkush\.m2\repository\org\codehaus\plexus\plexus-java\1.0.5\plexus-java-1.0.5.jar;C:\Users\gurenderkush\.m2\repository\com\thoughtworks\qdox\qdox\2.0-M9\qdox-2.0-M9.jar;C:\Users\gurenderkush\.m2\repository\org\apache\maven\surefire\surefire-shared-utils\3.0.0-M4\surefire-shared-utils-3.0.0-M4.jar;C:\Users\gurenderkush\.m2\repository\com\thoughtworks\xstream\xstream\1.4.19\xstream-1.4.19.jar;C:\Users\gurenderkush\.m2\repository\io\github\x-stream\mxparser\1.2.2\mxparser-1.2.2.jar;C:\Users\gurenderkush\.m2\repository\xmlpull\xmlpull\1.1.3.1\xmlpull-1.1.3.1.jar;C:\Users\gurenderkush\.m2\repository\xerces\xercesImpl\2.11.0\xercesImpl-2.11.0.jar;C:\Users\gurenderkush\.m2\repository\org\apache\spark\spark-core_2.12\3.1.2\spark-core_2.12-3.1.2.jar;C:\Users\gurenderkush\.m2\repository\com\thoughtworks\paranamer\paranamer\2.8\paranamer-2.8.jar;C:\Users\gurenderkush\.m2\repository\org\apache\avro\avro\1.8.2\avro-1.8.2.jar;C:\Users\gurenderkush\.m2\repository\org\codehaus\jackson\jackson-core-asl\1.9.13\jackson-core-asl-1.9.13.jar;C:\Users\gurenderkush\.m2\repository\org\codehaus\jackson\jackson-mapper-asl\1.9.13\jackson-mapper-asl-1.9.13.jar;C:\Users\gurenderkush\.m2\repository\org\tukaani\xz\1.5\xz-1.5.jar;C:\Users\gurenderkush\.m2\repository\org\apache\avro\avro-mapred\1.8.2\avro-mapred-1.8.2-hadoop2.jar;C:\Users\gurenderkush\.m2\repository\org\apache\avro\avro-ipc\1.8.2\avro-ipc-1.8.2.jar;C:\Users\gurenderkush\.m2\repository\com\twitter\chill_2.12\0.9.5\chill_2.12-0.9.5.jar;C:\Users\gurenderkush\.m2\repository\com\esotericsoftware\kryo-shaded\4.0.2\kryo-shaded-4.0.2.jar;C:\Users\gurenderkush\.m2\repository\com\esotericsoftware\minlog\1.3.0\minlog-1.3.0.jar;C:\Users\gurenderkush\.m2\repository\org\objenesis\objenesis\2.5.1\objenesis-2.5.1.jar;C:\Users\gurenderkush\.m2\repository\com\twitter\chill-java\0.9.5\chill-java-0.9.5.jar;C:\Users\gurenderkush\.m2\repository\org\apache\xbean\xbean-asm7-shaded\4.15\xbean-asm7-shaded-4.15.jar;C:\Users\gurenderkush\.m2\repository\org\apache\hadoop\hadoop-client\3.2.0\hadoop-client-3.2.0.jar;C:\Users\gurenderkush\.m2\repository\org\apache\hadoop\hadoop-common\3.2.0\hadoop-common-3.2.0.jar;C:\Users\gurenderkush\.m2\repository\commons-cli\commons-cli\1.2\commons-cli-1.2.jar;C:\Users\gurenderkush\.m2\repository\org\eclipse\jetty\jetty-servlet\9.3.24.v20180605\jetty-servlet-9.3.24.v20180605.jar;C:\Users\gurenderkush\.m2\repository\org\eclipse\jetty\jetty-security\9.3.24.v20180605\jetty-security-9.3.24.v20180605.jar;C:\Users\gurenderkush\.m2\repository\javax\servlet\jsp\jsp-api\2.1\jsp-api-2.1.jar;C:\Users\gurenderkush\.m2\repository\org\apache\commons\commons-configuration2\2.1.1\commons-configuration2-2.1.1.jar;C:\Users\gurenderkush\.m2\repository\com\google\re2j\re2j\1.1\re2j-1.1.jar;C:\Users\gurenderkush\.m2\repository\com\google\protobuf\protobuf-java\2.5.0\protobuf-java-2.5.0.jar;C:\Users\gurenderkush\.m2\repository\org\apache\hadoop\hadoop-auth\3.2.0\hadoop-auth-3.2.0.jar;C:\Users\gurenderkush\.m2\repository\com\nimbusds\nimbus-jose-jwt\4.41.1\nimbus-jose-jwt-4.41.1.jar;C:\Users\gurenderkush\.m2\repository\com\github\stephenc\jcip\jcip-annotations\1.0-1\jcip-annotations-1.0-1.jar;C:\Users\gurenderkush\.m2\repository\net\minidev\json-smart\2.3\json-smart-2.3.jar;C:\Users\gurenderkush\.m2\repository\net\minidev\accessors-smart\1.2\accessors-smart-1.2.jar;C:\Users\gurenderkush\.m2\repository\org\apache\curator\curator-client\2.12.0\curator-client-2.12.0.jar;C:\Users\gurenderkush\.m2\repository\org\apache\htrace\htrace-core4\4.1.0-incubating\htrace-core4-4.1.0-incubating.jar;C:\Users\gurenderkush\.m2\repository\org\apache\kerby\kerb-simplekdc\1.0.1\kerb-simplekdc-1.0.1.jar;C:\Users\gurenderkush\.m2\repository\org\apache\kerby\kerb-client\1.0.1\kerb-client-1.0.1.jar;C:\Users\gurenderkush\.m2\repository\org\apache\kerby\kerby-config\1.0.1\kerby-config-1.0.1.jar;C:\Users\gurenderkush\.m2\repository\org\apache\kerby\kerb-core\1.0.1\kerb-core-1.0.1.jar;C:\Users\gurenderkush\.m2\repository\org\apache\kerby\kerby-pkix\1.0.1\kerby-pkix-1.0.1.jar;C:\Users\gurenderkush\.m2\repository\org\apache\kerby\kerby-asn1\1.0.1\kerby-asn1-1.0.1.jar;C:\Users\gurenderkush\.m2\repository\org\apache\kerby\kerby-util\1.0.1\kerby-util-1.0.1.jar;C:\Users\gurenderkush\.m2\repository\org\apache\kerby\kerb-common\1.0.1\kerb-common-1.0.1.jar;C:\Users\gurenderkush\.m2\repository\org\apache\kerby\kerb-crypto\1.0.1\kerb-crypto-1.0.1.jar;C:\Users\gurenderkush\.m2\repository\org\apache\kerby\kerb-util\1.0.1\kerb-util-1.0.1.jar;C:\Users\gurenderkush\.m2\repository\org\apache\kerby\token-provider\1.0.1\token-provider-1.0.1.jar;C:\Users\gurenderkush\.m2\repository\org\apache\kerby\kerb-admin\1.0.1\kerb-admin-1.0.1.jar;C:\Users\gurenderkush\.m2\repository\org\apache\kerby\kerb-server\1.0.1\kerb-server-1.0.1.jar;C:\Users\gurenderkush\.m2\repository\org\apache\kerby\kerb-identity\1.0.1\kerb-identity-1.0.1.jar;C:\Users\gurenderkush\.m2\repository\org\apache\kerby\kerby-xdr\1.0.1\kerby-xdr-1.0.1.jar;C:\Users\gurenderkush\.m2\repository\org\codehaus\woodstox\stax2-api\3.1.4\stax2-api-3.1.4.jar;C:\Users\gurenderkush\.m2\repository\com\fasterxml\woodstox\woodstox-core\5.0.3\woodstox-core-5.0.3.jar;C:\Users\gurenderkush\.m2\repository\dnsjava\dnsjava\2.1.7\dnsjava-2.1.7.jar;C:\Users\gurenderkush\.m2\repository\org\apache\hadoop\hadoop-hdfs-client\3.2.0\hadoop-hdfs-client-3.2.0.jar;C:\Users\gurenderkush\.m2\repository\com\squareup\okhttp\okhttp\2.7.5\okhttp-2.7.5.jar;C:\Users\gurenderkush\.m2\repository\org\apache\hadoop\hadoop-yarn-api\3.2.0\hadoop-yarn-api-3.2.0.jar;C:\Users\gurenderkush\.m2\repository\org\apache\hadoop\hadoop-yarn-client\3.2.0\hadoop-yarn-client-3.2.0.jar;C:\Users\gurenderkush\.m2\repository\org\apache\hadoop\hadoop-mapreduce-client-core\3.2.0\hadoop-mapreduce-client-core-3.2.0.jar;C:\Users\gurenderkush\.m2\repository\org\apache\hadoop\hadoop-yarn-common\3.2.0\hadoop-yarn-common-3.2.0.jar;C:\Users\gurenderkush\.m2\repository\org\eclipse\jetty\jetty-util\9.3.24.v20180605\jetty-util-9.3.24.v20180605.jar;C:\Users\gurenderkush\.m2\repository\com\fasterxml\jackson\module\jackson-module-jaxb-annotations\2.9.5\jackson-module-jaxb-annotations-2.9.5.jar;C:\Users\gurenderkush\.m2\repository\com\fasterxml\jackson\jaxrs\jackson-jaxrs-json-provider\2.9.5\jackson-jaxrs-json-provider-2.9.5.jar;C:\Users\gurenderkush\.m2\repository\com\fasterxml\jackson\jaxrs\jackson-jaxrs-base\2.9.5\jackson-jaxrs-base-2.9.5.jar;C:\Users\gurenderkush\.m2\repository\org\apache\hadoop\hadoop-mapreduce-client-jobclient\3.2.0\hadoop-mapreduce-client-jobclient-3.2.0.jar;C:\Users\gurenderkush\.m2\repository\org\apache\hadoop\hadoop-mapreduce-client-common\3.2.0\hadoop-mapreduce-client-common-3.2.0.jar;C:\Users\gurenderkush\.m2\repository\org\apache\hadoop\hadoop-annotations\3.2.0\hadoop-annotations-3.2.0.jar;C:\Users\gurenderkush\.m2\repository\org\apache\spark\spark-launcher_2.12\3.1.2\spark-launcher_2.12-3.1.2.jar;C:\Users\gurenderkush\.m2\repository\org\apache\spark\spark-kvstore_2.12\3.1.2\spark-kvstore_2.12-3.1.2.jar;C:\Users\gurenderkush\.m2\repository\org\fusesource\leveldbjni\leveldbjni-all\1.8\leveldbjni-all-1.8.jar;C:\Users\gurenderkush\.m2\repository\org\apache\spark\spark-network-common_2.12\3.1.2\spark-network-common_2.12-3.1.2.jar;C:\Users\gurenderkush\.m2\repository\org\apache\spark\spark-network-shuffle_2.12\3.1.2\spark-network-shuffle_2.12-3.1.2.jar;C:\Users\gurenderkush\.m2\repository\org\apache\spark\spark-unsafe_2.12\3.1.2\spark-unsafe_2.12-3.1.2.jar;C:\Users\gurenderkush\.m2\repository\org\apache\curator\curator-recipes\2.13.0\curator-recipes-2.13.0.jar;C:\Users\gurenderkush\.m2\repository\org\apache\curator\curator-framework\2.13.0\curator-framework-2.13.0.jar;C:\Users\gurenderkush\.m2\repository\org\apache\zookeeper\zookeeper\3.4.14\zookeeper-3.4.14.jar;C:\Users\gurenderkush\.m2\repository\org\apache\yetus\audience-annotations\0.5.0\audience-annotations-0.5.0.jar;C:\Users\gurenderkush\.m2\repository\jakarta\servlet\jakarta.servlet-api\4.0.3\jakarta.servlet-api-4.0.3.jar;C:\Users\gurenderkush\.m2\repository\org\apache\commons\commons-text\1.6\commons-text-1.6.jar;C:\Users\gurenderkush\.m2\repository\org\slf4j\jul-to-slf4j\1.7.30\jul-to-slf4j-1.7.30.jar;C:\Users\gurenderkush\.m2\repository\org\slf4j\jcl-over-slf4j\1.7.30\jcl-over-slf4j-1.7.30.jar;C:\Users\gurenderkush\.m2\repository\org\slf4j\slf4j-log4j12\1.7.30\slf4j-log4j12-1.7.30.jar;C:\Users\gurenderkush\.m2\repository\com\ning\compress-lzf\1.0.3\compress-lzf-1.0.3.jar;C:\Users\gurenderkush\.m2\repository\org\xerial\snappy\snappy-java\1.1.8.2\snappy-java-1.1.8.2.jar;C:\Users\gurenderkush\.m2\repository\org\lz4\lz4-java\1.7.1\lz4-java-1.7.1.jar;C:\Users\gurenderkush\.m2\repository\com\github\luben\zstd-jni\1.4.8-1\zstd-jni-1.4.8-1.jar;C:\Users\gurenderkush\.m2\repository\org\roaringbitmap\RoaringBitmap\0.9.0\RoaringBitmap-0.9.0.jar;C:\Users\gurenderkush\.m2\repository\org\roaringbitmap\shims\0.9.0\shims-0.9.0.jar;C:\Users\gurenderkush\.m2\repository\commons-net\commons-net\3.1\commons-net-3.1.jar;C:\Users\gurenderkush\.m2\repository\org\scala-lang\modules\scala-xml_2.12\1.2.0\scala-xml_2.12-1.2.0.jar;C:\Users\gurenderkush\.m2\repository\org\scala-lang\scala-library\2.12.10\scala-library-2.12.10.jar;C:\Users\gurenderkush\.m2\repository\org\scala-lang\scala-reflect\2.12.10\scala-reflect-2.12.10.jar;C:\Users\gurenderkush\.m2\repository\org\json4s\json4s-jackson_2.12\3.7.0-M5\json4s-jackson_2.12-3.7.0-M5.jar;C:\Users\gurenderkush\.m2\repository\org\json4s\json4s-core_2.12\3.7.0-M5\json4s-core_2.12-3.7.0-M5.jar;C:\Users\gurenderkush\.m2\repository\org\json4s\json4s-ast_2.12\3.7.0-M5\json4s-ast_2.12-3.7.0-M5.jar;C:\Users\gurenderkush\.m2\repository\org\json4s\json4s-scalap_2.12\3.7.0-M5\json4s-scalap_2.12-3.7.0-M5.jar;C:\Users\gurenderkush\.m2\repository\org\glassfish\jersey\core\jersey-client\2.30\jersey-client-2.30.jar;C:\Users\gurenderkush\.m2\repository\jakarta\ws\rs\jakarta.ws.rs-api\2.1.6\jakarta.ws.rs-api-2.1.6.jar;C:\Users\gurenderkush\.m2\repository\org\glassfish\hk2\external\jakarta.inject\2.6.1\jakarta.inject-2.6.1.jar;C:\Users\gurenderkush\.m2\repository\org\glassfish\jersey\core\jersey-common\2.30\jersey-common-2.30.jar;C:\Users\gurenderkush\.m2\repository\jakarta\annotation\jakarta.annotation-api\1.3.5\jakarta.annotation-api-1.3.5.jar;C:\Users\gurenderkush\.m2\repository\org\glassfish\hk2\osgi-resource-locator\1.0.3\osgi-resource-locator-1.0.3.jar;C:\Users\gurenderkush\.m2\repository\org\glassfish\jersey\core\jersey-server\2.30\jersey-server-2.30.jar;C:\Users\gurenderkush\.m2\repository\org\glassfish\jersey\media\jersey-media-jaxb\2.30\jersey-media-jaxb-2.30.jar;C:\Users\gurenderkush\.m2\repository\jakarta\validation\jakarta.validation-api\2.0.2\jakarta.validation-api-2.0.2.jar;C:\Users\gurenderkush\.m2\repository\org\glassfish\jersey\containers\jersey-container-servlet\2.30\jersey-container-servlet-2.30.jar;C:\Users\gurenderkush\.m2\repository\org\glassfish\jersey\containers\jersey-container-servlet-core\2.30\jersey-container-servlet-core-2.30.jar;C:\Users\gurenderkush\.m2\repository\org\glassfish\jersey\inject\jersey-hk2\2.30\jersey-hk2-2.30.jar;C:\Users\gurenderkush\.m2\repository\org\glassfish\hk2\hk2-locator\2.6.1\hk2-locator-2.6.1.jar;C:\Users\gurenderkush\.m2\repository\org\glassfish\hk2\external\aopalliance-repackaged\2.6.1\aopalliance-repackaged-2.6.1.jar;C:\Users\gurenderkush\.m2\repository\org\glassfish\hk2\hk2-api\2.6.1\hk2-api-2.6.1.jar;C:\Users\gurenderkush\.m2\repository\org\glassfish\hk2\hk2-utils\2.6.1\hk2-utils-2.6.1.jar;C:\Users\gurenderkush\.m2\repository\io\netty\netty-all\4.1.51.Final\netty-all-4.1.51.Final.jar;C:\Users\gurenderkush\.m2\repository\com\clearspring\analytics\stream\2.9.6\stream-2.9.6.jar;C:\Users\gurenderkush\.m2\repository\io\dropwizard\metrics\metrics-core\4.1.1\metrics-core-4.1.1.jar;C:\Users\gurenderkush\.m2\repository\io\dropwizard\metrics\metrics-jvm\4.1.1\metrics-jvm-4.1.1.jar;C:\Users\gurenderkush\.m2\repository\io\dropwizard\metrics\metrics-json\4.1.1\metrics-json-4.1.1.jar;C:\Users\gurenderkush\.m2\repository\io\dropwizard\metrics\metrics-graphite\4.1.1\metrics-graphite-4.1.1.jar;C:\Users\gurenderkush\.m2\repository\io\dropwizard\metrics\metrics-jmx\4.1.1\metrics-jmx-4.1.1.jar;C:\Users\gurenderkush\.m2\repository\com\fasterxml\jackson\module\jackson-module-scala_2.12\2.10.0\jackson-module-scala_2.12-2.10.0.jar;C:\Users\gurenderkush\.m2\repository\com\fasterxml\jackson\module\jackson-module-paranamer\2.10.0\jackson-module-paranamer-2.10.0.jar;C:\Users\gurenderkush\.m2\repository\org\apache\ivy\ivy\2.4.0\ivy-2.4.0.jar;C:\Users\gurenderkush\.m2\repository\oro\oro\2.0.8\oro-2.0.8.jar;C:\Users\gurenderkush\.m2\repository\net\razorvine\pyrolite\4.30\pyrolite-4.30.jar;C:\Users\gurenderkush\.m2\repository\net\sf\py4j\py4j\0.10.9\py4j-0.10.9.jar;C:\Users\gurenderkush\.m2\repository\org\apache\spark\spark-tags_2.12\3.1.2\spark-tags_2.12-3.1.2.jar;C:\Users\gurenderkush\.m2\repository\org\apache\commons\commons-crypto\1.1.0\commons-crypto-1.1.0.jar;C:\Users\gurenderkush\.m2\repository\org\spark-project\spark\unused\1.0.0\unused-1.0.0.jar;C:\Users\gurenderkush\.m2\repository\org\apache\commons\commons-lang3\3.12.0\commons-lang3-3.12.0.jar;C:\Users\gurenderkush\.m2\repository\com\sun\xml\bind\jaxb-core\2.3.0.1\jaxb-core-2.3.0.1.jar;C:\Users\gurenderkush\.m2\repository\javax\xml\bind\jaxb-api\2.3.1\jaxb-api-2.3.1.jar;C:\Users\gurenderkush\.m2\repository\javax\activation\javax.activation-api\1.2.0\javax.activation-api-1.2.0.jar;C:\Users\gurenderkush\.m2\repository\com\sun\xml\bind\jaxb-impl\2.3.1\jaxb-impl-2.3.1.jar;C:\Users\gurenderkush\.m2\repository\org\javassist\javassist\3.25.0-GA\javassist-3.25.0-GA.jar;C:\Users\gurenderkush\.m2\repository\io\rest-assured\rest-assured\4.3.0\rest-assured-4.3.0.jar;C:\Users\gurenderkush\.m2\repository\org\codehaus\groovy\groovy\3.0.2\groovy-3.0.2.jar;C:\Users\gurenderkush\.m2\repository\org\codehaus\groovy\groovy-xml\3.0.2\groovy-xml-3.0.2.jar;C:\Users\gurenderkush\.m2\repository\org\hamcrest\hamcrest\2.1\hamcrest-2.1.jar;C:\Users\gurenderkush\.m2\repository\org\ccil\cowan\tagsoup\tagsoup\1.2.1\tagsoup-1.2.1.jar;C:\Users\gurenderkush\.m2\repository\io\rest-assured\xml-path\4.3.0\xml-path-4.3.0.jar;C:\Users\gurenderkush\.m2\repository\jakarta\xml\bind\jakarta.xml.bind-api\2.3.2\jakarta.xml.bind-api-2.3.2.jar;C:\Users\gurenderkush\.m2\repository\jakarta\activation\jakarta.activation-api\1.2.1\jakarta.activation-api-1.2.1.jar;C:\Users\gurenderkush\.m2\repository\com\sun\xml\bind\jaxb-osgi\2.3.0.1\jaxb-osgi-2.3.0.1.jar;C:\Users\gurenderkush\.m2\repository\org\apache\sling\org.apache.sling.javax.activation\0.1.0\org.apache.sling.javax.activation-0.1.0.jar;C:\Users\gurenderkush\.m2\repository\org\apache\velocity\velocity\1.7\velocity-1.7.jar;C:\Users\gurenderkush\.m2\repository\commons-lang\commons-lang\2.4\commons-lang-2.4.jar;C:\Users\gurenderkush\.m2\repository\com\google\inject\guice\4.2.3\guice-4.2.3.jar;C:\Users\gurenderkush\.m2\repository\javax\inject\javax.inject\1\javax.inject-1.jar;C:\Users\gurenderkush\.m2\repository\aopalliance\aopalliance\1.0\aopalliance-1.0.jar;C:\Users\gurenderkush\.m2\repository\org\hamcrest\hamcrest-all\1.3\hamcrest-all-1.3.jar;C:\Users\gurenderkush\.m2\repository\com\google\code\gson\gson\2.8.6\gson-2.8.6.jar;C:\Users\gurenderkush\.m2\repository\org\jsoup\jsoup\1.13.1\jsoup-1.13.1.jar;C:\Users\gurenderkush\.m2\repository\io\rest-assured\json-path\4.3.1\json-path-4.3.1.jar;C:\Users\gurenderkush\.m2\repository\org\codehaus\groovy\groovy-json\3.0.3\groovy-json-3.0.3.jar;C:\Users\gurenderkush\.m2\repository\io\rest-assured\rest-assured-common\4.3.1\rest-assured-common-4.3.1.jar;C:\Users\gurenderkush\.m2\repository\org\apache\httpcomponents\httpclient\4.5.12\httpclient-4.5.12.jar;C:\Users\gurenderkush\.m2\repository\org\apache\httpcomponents\httpcore\4.4.13\httpcore-4.4.13.jar;C:\Users\gurenderkush\.m2\repository\org\json\json\20200518\json-20200518.jar;C:\Users\gurenderkush\.m2\repository\com\fasterxml\jackson\core\jackson-databind\2.11.2\jackson-databind-2.11.2.jar;C:\Users\gurenderkush\.m2\repository\com\fasterxml\jackson\core\jackson-annotations\2.11.2\jackson-annotations-2.11.2.jar;C:\Users\gurenderkush\.m2\repository\com\fasterxml\jackson\core\jackson-core\2.11.2\jackson-core-2.11.2.jar;C:\Users\gurenderkush\.m2\repository\com\aventstack\extentreports-cucumber4-adapter\1.2.1\extentreports-cucumber4-adapter-1.2.1.jar;C:\Users\gurenderkush\.m2\repository\com\aventstack\klov-reporter\5.0.1\klov-reporter-5.0.1.jar;C:\Users\gurenderkush\.m2\repository\io\cucumber\cucumber-java\4.7.4\cucumber-java-4.7.4.jar;C:\Users\gurenderkush\.m2\repository\io\cucumber\cucumber-core\4.7.4\cucumber-core-4.7.4.jar;C:\Users\gurenderkush\.m2\repository\io\cucumber\gherkin\5.1.0\gherkin-5.1.0.jar;C:\Users\gurenderkush\.m2\repository\io\cucumber\tag-expressions\1.1.1\tag-expressions-1.1.1.jar;C:\Users\gurenderkush\.m2\repository\io\cucumber\cucumber-expressions\7.0.2\cucumber-expressions-7.0.2.jar;C:\Users\gurenderkush\.m2\repository\io\cucumber\datatable\1.1.14\datatable-1.1.14.jar;C:\Users\gurenderkush\.m2\repository\io\cucumber\datatable-dependencies\1.1.14\datatable-dependencies-1.1.14.jar;C:\Users\gurenderkush\.m2\repository\org\apiguardian\apiguardian-api\1.1.0\apiguardian-api-1.1.0.jar;C:\Users\gurenderkush\.m2\repository\com\googlecode\json-simple\json-simple\1.1.1\json-simple-1.1.1.jar;C:\Users\gurenderkush\.m2\repository\org\seleniumhq\selenium\selenium-java\3.141.59\selenium-java-3.141.59.jar;C:\Users\gurenderkush\.m2\repository\org\seleniumhq\selenium\selenium-chrome-driver\3.141.59\selenium-chrome-driver-3.141.59.jar;C:\Users\gurenderkush\.m2\repository\org\seleniumhq\selenium\selenium-edge-driver\3.141.59\selenium-edge-driver-3.141.59.jar;C:\Users\gurenderkush\.m2\repository\org\seleniumhq\selenium\selenium-firefox-driver\3.141.59\selenium-firefox-driver-3.141.59.jar;C:\Users\gurenderkush\.m2\repository\org\seleniumhq\selenium\selenium-ie-driver\3.141.59\selenium-ie-driver-3.141.59.jar;C:\Users\gurenderkush\.m2\repository\org\seleniumhq\selenium\selenium-opera-driver\3.141.59\selenium-opera-driver-3.141.59.jar;C:\Users\gurenderkush\.m2\repository\org\seleniumhq\selenium\selenium-remote-driver\3.141.59\selenium-remote-driver-3.141.59.jar;C:\Users\gurenderkush\.m2\repository\org\seleniumhq\selenium\selenium-safari-driver\3.141.59\selenium-safari-driver-3.141.59.jar;C:\Users\gurenderkush\.m2\repository\net\bytebuddy\byte-buddy\1.8.15\byte-buddy-1.8.15.jar;C:\Users\gurenderkush\.m2\repository\org\apache\commons\commons-exec\1.3\commons-exec-1.3.jar;C:\Users\gurenderkush\.m2\repository\com\squareup\okhttp3\okhttp\3.11.0\okhttp-3.11.0.jar;C:\Users\gurenderkush\.m2\repository\com\squareup\okio\okio\1.14.0\okio-1.14.0.jar;C:\Users\gurenderkush\.m2\repository\org\seleniumhq\selenium\selenium-api\3.141.59\selenium-api-3.141.59.jar;"/>
    <property name="java.vm.vendor" value="Oracle Corporation"/>
    <property name="sun.arch.data.model" value="64"/>
    <property name="user.variant" value=""/>
    <property name="java.vendor.url" value="http://java.oracle.com/"/>
    <property name="user.timezone" value="Asia/Calcutta"/>
    <property name="java.vm.specification.version" value="1.8"/>
    <property name="os.name" value="Windows 10"/>
    <property name="user.country" value="IN"/>
    <property name="sun.java.launcher" value="SUN_STANDARD"/>
    <property name="sun.boot.library.path" value="C:\Program Files\Java\jdk1.8.0_202\jre\bin"/>
    <property name="sun.java.command" value="C:\Users\gurenderkush\AppData\Local\Temp\surefire7698850767481495757\surefirebooter8775814570685217256.jar C:\Users\gurenderkush\AppData\Local\Temp\surefire7698850767481495757 2022-12-08T20-15-14_339-jvmRun1 surefire3287310477568871810tmp surefire_0298080108422225165tmp"/>
    <property name="surefire.test.class.path" value="D:\workspace\Unlimint_Automation\target\test-classes;D:\workspace\Unlimint_Automation\target\classes;C:\Users\gurenderkush\.m2\repository\org\testng\testng\7.5\testng-7.5.jar;C:\Users\gurenderkush\.m2\repository\com\google\code\findbugs\jsr305\3.0.1\jsr305-3.0.1.jar;C:\Users\gurenderkush\.m2\repository\org\slf4j\slf4j-api\1.7.32\slf4j-api-1.7.32.jar;C:\Users\gurenderkush\.m2\repository\com\beust\jcommander\1.78\jcommander-1.78.jar;C:\Users\gurenderkush\.m2\repository\org\webjars\jquery\3.5.1\jquery-3.5.1.jar;C:\Users\gurenderkush\.m2\repository\net\sourceforge\tess4j\tess4j\5.2.0\tess4j-5.2.0.jar;C:\Users\gurenderkush\.m2\repository\net\java\dev\jna\jna\5.10.0\jna-5.10.0.jar;C:\Users\gurenderkush\.m2\repository\com\github\jai-imageio\jai-imageio-core\1.4.0\jai-imageio-core-1.4.0.jar;C:\Users\gurenderkush\.m2\repository\org\apache\pdfbox\pdfbox\2.0.25\pdfbox-2.0.25.jar;C:\Users\gurenderkush\.m2\repository\org\apache\pdfbox\fontbox\2.0.25\fontbox-2.0.25.jar;C:\Users\gurenderkush\.m2\repository\org\apache\pdfbox\pdfbox-tools\2.0.25\pdfbox-tools-2.0.25.jar;C:\Users\gurenderkush\.m2\repository\org\apache\pdfbox\pdfbox-debugger\2.0.25\pdfbox-debugger-2.0.25.jar;C:\Users\gurenderkush\.m2\repository\org\apache\pdfbox\jbig2-imageio\3.0.4\jbig2-imageio-3.0.4.jar;C:\Users\gurenderkush\.m2\repository\commons-io\commons-io\2.11.0\commons-io-2.11.0.jar;C:\Users\gurenderkush\.m2\repository\net\sourceforge\lept4j\lept4j\1.16.1\lept4j-1.16.1.jar;C:\Users\gurenderkush\.m2\repository\org\jboss\jboss-vfs\3.2.16.Final\jboss-vfs-3.2.16.Final.jar;C:\Users\gurenderkush\.m2\repository\org\jboss\logging\jboss-logging\3.1.4.GA\jboss-logging-3.1.4.GA.jar;C:\Users\gurenderkush\.m2\repository\io\appium\java-client\6.0.0\java-client-6.0.0.jar;C:\Users\gurenderkush\.m2\repository\org\seleniumhq\selenium\selenium-support\3.12.0\selenium-support-3.12.0.jar;C:\Users\gurenderkush\.m2\repository\cglib\cglib\3.2.6\cglib-3.2.6.jar;C:\Users\gurenderkush\.m2\repository\org\ow2\asm\asm\6.0\asm-6.0.jar;C:\Users\gurenderkush\.m2\repository\org\apache\ant\ant\1.9.6\ant-1.9.6.jar;C:\Users\gurenderkush\.m2\repository\org\apache\ant\ant-launcher\1.9.6\ant-launcher-1.9.6.jar;C:\Users\gurenderkush\.m2\repository\commons-validator\commons-validator\1.6\commons-validator-1.6.jar;C:\Users\gurenderkush\.m2\repository\commons-beanutils\commons-beanutils\1.9.2\commons-beanutils-1.9.2.jar;C:\Users\gurenderkush\.m2\repository\commons-digester\commons-digester\1.8.1\commons-digester-1.8.1.jar;C:\Users\gurenderkush\.m2\repository\org\springframework\spring-context\5.0.5.RELEASE\spring-context-5.0.5.RELEASE.jar;C:\Users\gurenderkush\.m2\repository\org\springframework\spring-aop\5.0.5.RELEASE\spring-aop-5.0.5.RELEASE.jar;C:\Users\gurenderkush\.m2\repository\org\springframework\spring-beans\5.0.5.RELEASE\spring-beans-5.0.5.RELEASE.jar;C:\Users\gurenderkush\.m2\repository\org\springframework\spring-core\5.0.5.RELEASE\spring-core-5.0.5.RELEASE.jar;C:\Users\gurenderkush\.m2\repository\org\springframework\spring-jcl\5.0.5.RELEASE\spring-jcl-5.0.5.RELEASE.jar;C:\Users\gurenderkush\.m2\repository\org\springframework\spring-expression\5.0.5.RELEASE\spring-expression-5.0.5.RELEASE.jar;C:\Users\gurenderkush\.m2\repository\org\aspectj\aspectjweaver\1.9.1\aspectjweaver-1.9.1.jar;C:\Users\gurenderkush\.m2\repository\org\openpnp\opencv\3.2.0-1\opencv-3.2.0-1.jar;C:\Users\gurenderkush\.m2\repository\javax\websocket\javax.websocket-api\1.1\javax.websocket-api-1.1.jar;C:\Users\gurenderkush\.m2\repository\org\glassfish\tyrus\tyrus-client\1.13.1\tyrus-client-1.13.1.jar;C:\Users\gurenderkush\.m2\repository\org\glassfish\tyrus\tyrus-core\1.13.1\tyrus-core-1.13.1.jar;C:\Users\gurenderkush\.m2\repository\org\glassfish\tyrus\tyrus-spi\1.13.1\tyrus-spi-1.13.1.jar;C:\Users\gurenderkush\.m2\repository\org\glassfish\tyrus\tyrus-container-grizzly\1.2.1\tyrus-container-grizzly-1.2.1.jar;C:\Users\gurenderkush\.m2\repository\org\glassfish\grizzly\grizzly-framework\2.3.3\grizzly-framework-2.3.3.jar;C:\Users\gurenderkush\.m2\repository\org\glassfish\grizzly\grizzly-http-server\2.3.3\grizzly-http-server-2.3.3.jar;C:\Users\gurenderkush\.m2\repository\org\glassfish\grizzly\grizzly-http\2.3.3\grizzly-http-2.3.3.jar;C:\Users\gurenderkush\.m2\repository\org\glassfish\grizzly\grizzly-rcm\2.3.3\grizzly-rcm-2.3.3.jar;C:\Users\gurenderkush\.m2\repository\org\freemarker\freemarker\2.3.31\freemarker-2.3.31.jar;C:\Users\gurenderkush\.m2\repository\com\aventstack\extentreports\3.0.7\extentreports-3.0.7.jar;C:\Users\gurenderkush\.m2\repository\org\mongodb\mongodb-driver\3.3.0\mongodb-driver-3.3.0.jar;C:\Users\gurenderkush\.m2\repository\org\mongodb\bson\3.3.0\bson-3.3.0.jar;C:\Users\gurenderkush\.m2\repository\org\mongodb\mongodb-driver-core\3.3.0\mongodb-driver-core-3.3.0.jar;C:\Users\gurenderkush\.m2\repository\org\apache\httpcomponents\httpmime\4.5.2\httpmime-4.5.2.jar;C:\Users\gurenderkush\.m2\repository\com\vimalselvam\cucumber-extentsreport\3.1.1\cucumber-extentsreport-3.1.1.jar;C:\Users\gurenderkush\.m2\repository\com\sun\mail\javax.mail\1.6.2\javax.mail-1.6.2.jar;C:\Users\gurenderkush\.m2\repository\javax\activation\activation\1.1\activation-1.1.jar;C:\Users\gurenderkush\.m2\repository\com\google\android\android\4.1.1.4\android-4.1.1.4.jar;C:\Users\gurenderkush\.m2\repository\commons-logging\commons-logging\1.1.1\commons-logging-1.1.1.jar;C:\Users\gurenderkush\.m2\repository\org\khronos\opengl-api\gl1.1-android-2.1_r1\opengl-api-gl1.1-android-2.1_r1.jar;C:\Users\gurenderkush\.m2\repository\xerces\xmlParserAPIs\2.6.2\xmlParserAPIs-2.6.2.jar;C:\Users\gurenderkush\.m2\repository\xpp3\xpp3\1.1.4c\xpp3-1.1.4c.jar;C:\Users\gurenderkush\.m2\repository\info\cukes\cucumber-java8\1.2.5\cucumber-java8-1.2.5.jar;C:\Users\gurenderkush\.m2\repository\info\cukes\cucumber-java\1.2.5\cucumber-java-1.2.5.jar;C:\Users\gurenderkush\.m2\repository\info\cukes\cucumber-jvm-deps\1.0.5\cucumber-jvm-deps-1.0.5.jar;C:\Users\gurenderkush\.m2\repository\com\google\guava\guava\31.1-jre\guava-31.1-jre.jar;C:\Users\gurenderkush\.m2\repository\com\google\guava\failureaccess\1.0.1\failureaccess-1.0.1.jar;C:\Users\gurenderkush\.m2\repository\com\google\guava\listenablefuture\9999.0-empty-to-avoid-conflict-with-guava\listenablefuture-9999.0-empty-to-avoid-conflict-with-guava.jar;C:\Users\gurenderkush\.m2\repository\org\checkerframework\checker-qual\3.12.0\checker-qual-3.12.0.jar;C:\Users\gurenderkush\.m2\repository\com\google\errorprone\error_prone_annotations\2.11.0\error_prone_annotations-2.11.0.jar;C:\Users\gurenderkush\.m2\repository\com\google\j2objc\j2objc-annotations\1.3\j2objc-annotations-1.3.jar;C:\Users\gurenderkush\.m2\repository\info\cukes\cucumber-core\1.2.5\cucumber-core-1.2.5.jar;C:\Users\gurenderkush\.m2\repository\info\cukes\cucumber-html\0.2.3\cucumber-html-0.2.3.jar;C:\Users\gurenderkush\.m2\repository\info\cukes\gherkin\2.12.2\gherkin-2.12.2.jar;C:\Users\gurenderkush\.m2\repository\info\cukes\cucumber-testng\1.2.5\cucumber-testng-1.2.5.jar;C:\Users\gurenderkush\.m2\repository\info\cukes\cucumber-picocontainer\1.2.5\cucumber-picocontainer-1.2.5.jar;C:\Users\gurenderkush\.m2\repository\org\picocontainer\picocontainer\2.15\picocontainer-2.15.jar;C:\Users\gurenderkush\.m2\repository\net\masterthought\cucumber-reporting\5.7.0\cucumber-reporting-5.7.0.jar;C:\Users\gurenderkush\.m2\repository\com\fasterxml\jackson\datatype\jackson-datatype-jsr310\2.13.0\jackson-datatype-jsr310-2.13.0.jar;C:\Users\gurenderkush\.m2\repository\org\apache\velocity\velocity-engine-core\2.3\velocity-engine-core-2.3.jar;C:\Users\gurenderkush\.m2\repository\commons-collections\commons-collections\3.2.2\commons-collections-3.2.2.jar;C:\Users\gurenderkush\.m2\repository\joda-time\joda-time\2.10.10\joda-time-2.10.10.jar;C:\Users\gurenderkush\.m2\repository\org\codehaus\plexus\plexus-utils\3.3.0\plexus-utils-3.3.0.jar;C:\Users\gurenderkush\.m2\repository\com\googlecode\owasp-java-html-sanitizer\owasp-java-html-sanitizer\20211018.2\owasp-java-html-sanitizer-20211018.2.jar;C:\Users\gurenderkush\.m2\repository\commons-configuration\commons-configuration\1.10\commons-configuration-1.10.jar;C:\Users\gurenderkush\.m2\repository\com\github\mkolisnyk\cucumber-report-generator\1.3.5\cucumber-report-generator-1.3.5.jar;C:\Users\gurenderkush\.m2\repository\xml-apis\xml-apis\1.4.01\xml-apis-1.4.01.jar;C:\Users\gurenderkush\.m2\repository\batik\batik-transcoder\1.6-1\batik-transcoder-1.6-1.jar;C:\Users\gurenderkush\.m2\repository\batik\batik-bridge\1.6-1\batik-bridge-1.6-1.jar;C:\Users\gurenderkush\.m2\repository\batik\batik-gvt\1.6-1\batik-gvt-1.6-1.jar;C:\Users\gurenderkush\.m2\repository\batik\batik-awt-util\1.6-1\batik-awt-util-1.6-1.jar;C:\Users\gurenderkush\.m2\repository\batik\batik-util\1.6-1\batik-util-1.6-1.jar;C:\Users\gurenderkush\.m2\repository\batik\batik-gui-util\1.6-1\batik-gui-util-1.6-1.jar;C:\Users\gurenderkush\.m2\repository\batik\batik-ext\1.6-1\batik-ext-1.6-1.jar;C:\Users\gurenderkush\.m2\repository\xml-apis\xmlParserAPIs\2.0.2\xmlParserAPIs-2.0.2.jar;C:\Users\gurenderkush\.m2\repository\batik\batik-script\1.6-1\batik-script-1.6-1.jar;C:\Users\gurenderkush\.m2\repository\rhino\js\1.5R4.1\js-1.5R4.1.jar;C:\Users\gurenderkush\.m2\repository\batik\batik-svg-dom\1.6-1\batik-svg-dom-1.6-1.jar;C:\Users\gurenderkush\.m2\repository\batik\batik-dom\1.6-1\batik-dom-1.6-1.jar;C:\Users\gurenderkush\.m2\repository\batik\batik-css\1.6-1\batik-css-1.6-1.jar;C:\Users\gurenderkush\.m2\repository\batik\batik-xml\1.6-1\batik-xml-1.6-1.jar;C:\Users\gurenderkush\.m2\repository\batik\batik-parser\1.6-1\batik-parser-1.6-1.jar;C:\Users\gurenderkush\.m2\repository\com\itextpdf\itextpdf\5.5.12\itextpdf-5.5.12.jar;C:\Users\gurenderkush\.m2\repository\com\cedarsoftware\json-io\4.10.0\json-io-4.10.0.jar;C:\Users\gurenderkush\.m2\repository\info\cukes\cucumber-junit\1.2.5\cucumber-junit-1.2.5.jar;C:\Users\gurenderkush\.m2\repository\junit\junit\4.12\junit-4.12.jar;C:\Users\gurenderkush\.m2\repository\org\hamcrest\hamcrest-core\1.3\hamcrest-core-1.3.jar;C:\Users\gurenderkush\.m2\repository\org\xhtmlrenderer\flying-saucer-pdf\9.1.7\flying-saucer-pdf-9.1.7.jar;C:\Users\gurenderkush\.m2\repository\com\lowagie\itext\2.1.7\itext-2.1.7.jar;C:\Users\gurenderkush\.m2\repository\org\bouncycastle\bctsp-jdk14\1.38\bctsp-jdk14-1.38.jar;C:\Users\gurenderkush\.m2\repository\org\xhtmlrenderer\flying-saucer-core\9.1.7\flying-saucer-core-9.1.7.jar;C:\Users\gurenderkush\.m2\repository\commons-codec\commons-codec\1.10\commons-codec-1.10.jar;C:\Users\gurenderkush\.m2\repository\org\apache\maven\maven-plugin-api\2.0\maven-plugin-api-2.0.jar;C:\Users\gurenderkush\.m2\repository\org\apache\maven\reporting\maven-reporting-api\2.0.8\maven-reporting-api-2.0.8.jar;C:\Users\gurenderkush\.m2\repository\org\apache\maven\doxia\doxia-sink-api\1.0-alpha-9\doxia-sink-api-1.0-alpha-9.jar;C:\Users\gurenderkush\.m2\repository\org\apache\maven\reporting\maven-reporting-impl\2.0.4.3\maven-reporting-impl-2.0.4.3.jar;C:\Users\gurenderkush\.m2\repository\org\apache\maven\maven-project\2.0.4\maven-project-2.0.4.jar;C:\Users\gurenderkush\.m2\repository\org\apache\maven\maven-settings\2.0.4\maven-settings-2.0.4.jar;C:\Users\gurenderkush\.m2\repository\org\apache\maven\maven-profile\2.0.4\maven-profile-2.0.4.jar;C:\Users\gurenderkush\.m2\repository\org\apache\maven\maven-model\2.0.4\maven-model-2.0.4.jar;C:\Users\gurenderkush\.m2\repository\org\apache\maven\maven-artifact-manager\2.0.4\maven-artifact-manager-2.0.4.jar;C:\Users\gurenderkush\.m2\repository\org\apache\maven\maven-repository-metadata\2.0.4\maven-repository-metadata-2.0.4.jar;C:\Users\gurenderkush\.m2\repository\org\apache\maven\wagon\wagon-provider-api\1.0-alpha-6\wagon-provider-api-1.0-alpha-6.jar;C:\Users\gurenderkush\.m2\repository\org\apache\maven\maven-artifact\2.0.4\maven-artifact-2.0.4.jar;C:\Users\gurenderkush\.m2\repository\org\codehaus\plexus\plexus-container-default\1.0-alpha-9\plexus-container-default-1.0-alpha-9.jar;C:\Users\gurenderkush\.m2\repository\classworlds\classworlds\1.1-alpha-2\classworlds-1.1-alpha-2.jar;C:\Users\gurenderkush\.m2\repository\org\apache\maven\doxia\doxia-core\1.0\doxia-core-1.0.jar;C:\Users\gurenderkush\.m2\repository\org\apache\maven\doxia\doxia-site-renderer\1.0\doxia-site-renderer-1.0.jar;C:\Users\gurenderkush\.m2\repository\org\codehaus\plexus\plexus-i18n\1.0-beta-7\plexus-i18n-1.0-beta-7.jar;C:\Users\gurenderkush\.m2\repository\org\codehaus\plexus\plexus-velocity\1.1.7\plexus-velocity-1.1.7.jar;C:\Users\gurenderkush\.m2\repository\org\apache\maven\doxia\doxia-decoration-model\1.0\doxia-decoration-model-1.0.jar;C:\Users\gurenderkush\.m2\repository\org\apache\maven\doxia\doxia-module-apt\1.0\doxia-module-apt-1.0.jar;C:\Users\gurenderkush\.m2\repository\org\apache\maven\doxia\doxia-module-fml\1.0\doxia-module-fml-1.0.jar;C:\Users\gurenderkush\.m2\repository\org\apache\maven\doxia\doxia-module-xdoc\1.0\doxia-module-xdoc-1.0.jar;C:\Users\gurenderkush\.m2\repository\org\apache\maven\doxia\doxia-module-xhtml\1.0\doxia-module-xhtml-1.0.jar;C:\Users\gurenderkush\.m2\repository\org\apache\maven\shared\maven-doxia-tools\1.0.2\maven-doxia-tools-1.0.2.jar;C:\Users\gurenderkush\.m2\repository\com\github\mkolisnyk\cucumber-runner\1.3.5\cucumber-runner-1.3.5.jar;C:\Users\gurenderkush\.m2\repository\log4j\log4j\1.2.17\log4j-1.2.17.jar;C:\Users\gurenderkush\.m2\repository\io\codearte\jfairy\jfairy\0.5.9\jfairy-0.5.9.jar;C:\Users\gurenderkush\.m2\repository\org\apache\commons\commons-math3\3.6.1\commons-math3-3.6.1.jar;C:\Users\gurenderkush\.m2\repository\org\yaml\snakeyaml\1.18\snakeyaml-1.18.jar;C:\Users\gurenderkush\.m2\repository\com\google\inject\extensions\guice-assistedinject\4.1.0\guice-assistedinject-4.1.0.jar;C:\Users\gurenderkush\.m2\repository\org\reflections\reflections\0.9.11\reflections-0.9.11.jar;C:\Users\gurenderkush\.m2\repository\org\iban4j\iban4j\3.2.1\iban4j-3.2.1.jar;C:\Users\gurenderkush\.m2\repository\com\github\cliftonlabs\json-simple\4.0.0\json-simple-4.0.0.jar;C:\Users\gurenderkush\.m2\repository\postgresql\postgresql\9.1-901-1.jdbc4\postgresql-9.1-901-1.jdbc4.jar;C:\Users\gurenderkush\.m2\repository\io\github\bonigarcia\webdrivermanager\4.3.1\webdrivermanager-4.3.1.jar;C:\Users\gurenderkush\.m2\repository\org\apache\httpcomponents\client5\httpclient5\5.0.3\httpclient5-5.0.3.jar;C:\Users\gurenderkush\.m2\repository\org\apache\httpcomponents\core5\httpcore5\5.0.2\httpcore5-5.0.2.jar;C:\Users\gurenderkush\.m2\repository\org\apache\httpcomponents\core5\httpcore5-h2\5.0.2\httpcore5-h2-5.0.2.jar;C:\Users\gurenderkush\.m2\repository\org\rauschig\jarchivelib\1.1.0\jarchivelib-1.1.0.jar;C:\Users\gurenderkush\.m2\repository\org\apache\commons\commons-compress\1.20\commons-compress-1.20.jar;C:\Users\gurenderkush\.m2\repository\org\apache\maven\plugins\maven-surefire-plugin\3.0.0-M5\maven-surefire-plugin-3.0.0-M5.jar;C:\Users\gurenderkush\.m2\repository\org\apache\maven\surefire\maven-surefire-common\3.0.0-M5\maven-surefire-common-3.0.0-M5.jar;C:\Users\gurenderkush\.m2\repository\org\apache\maven\surefire\surefire-api\3.0.0-M5\surefire-api-3.0.0-M5.jar;C:\Users\gurenderkush\.m2\repository\org\apache\maven\surefire\surefire-logger-api\3.0.0-M5\surefire-logger-api-3.0.0-M5.jar;C:\Users\gurenderkush\.m2\repository\org\apache\maven\surefire\surefire-extensions-api\3.0.0-M5\surefire-extensions-api-3.0.0-M5.jar;C:\Users\gurenderkush\.m2\repository\org\apache\maven\surefire\surefire-booter\3.0.0-M5\surefire-booter-3.0.0-M5.jar;C:\Users\gurenderkush\.m2\repository\org\apache\maven\surefire\surefire-extensions-spi\3.0.0-M5\surefire-extensions-spi-3.0.0-M5.jar;C:\Users\gurenderkush\.m2\repository\org\apache\maven\maven-toolchain\3.0-alpha-2\maven-toolchain-3.0-alpha-2.jar;C:\Users\gurenderkush\.m2\repository\org\apache\maven\shared\maven-artifact-transfer\0.11.0\maven-artifact-transfer-0.11.0.jar;C:\Users\gurenderkush\.m2\repository\org\apache\maven\shared\maven-common-artifact-filters\3.0.1\maven-common-artifact-filters-3.0.1.jar;C:\Users\gurenderkush\.m2\repository\org\sonatype\sisu\sisu-inject-plexus\1.4.2\sisu-inject-plexus-1.4.2.jar;C:\Users\gurenderkush\.m2\repository\org\codehaus\plexus\plexus-classworlds\2.2.3\plexus-classworlds-2.2.3.jar;C:\Users\gurenderkush\.m2\repository\org\sonatype\sisu\sisu-inject-bean\1.4.2\sisu-inject-bean-1.4.2.jar;C:\Users\gurenderkush\.m2\repository\org\sonatype\sisu\sisu-guice\2.1.7\sisu-guice-2.1.7-noaop.jar;C:\Users\gurenderkush\.m2\repository\org\apache\maven\shared\maven-shared-utils\3.1.0\maven-shared-utils-3.1.0.jar;C:\Users\gurenderkush\.m2\repository\org\codehaus\plexus\plexus-java\1.0.5\plexus-java-1.0.5.jar;C:\Users\gurenderkush\.m2\repository\com\thoughtworks\qdox\qdox\2.0-M9\qdox-2.0-M9.jar;C:\Users\gurenderkush\.m2\repository\org\apache\maven\surefire\surefire-shared-utils\3.0.0-M4\surefire-shared-utils-3.0.0-M4.jar;C:\Users\gurenderkush\.m2\repository\com\thoughtworks\xstream\xstream\1.4.19\xstream-1.4.19.jar;C:\Users\gurenderkush\.m2\repository\io\github\x-stream\mxparser\1.2.2\mxparser-1.2.2.jar;C:\Users\gurenderkush\.m2\repository\xmlpull\xmlpull\1.1.3.1\xmlpull-1.1.3.1.jar;C:\Users\gurenderkush\.m2\repository\xerces\xercesImpl\2.11.0\xercesImpl-2.11.0.jar;C:\Users\gurenderkush\.m2\repository\org\apache\spark\spark-core_2.12\3.1.2\spark-core_2.12-3.1.2.jar;C:\Users\gurenderkush\.m2\repository\com\thoughtworks\paranamer\paranamer\2.8\paranamer-2.8.jar;C:\Users\gurenderkush\.m2\repository\org\apache\avro\avro\1.8.2\avro-1.8.2.jar;C:\Users\gurenderkush\.m2\repository\org\codehaus\jackson\jackson-core-asl\1.9.13\jackson-core-asl-1.9.13.jar;C:\Users\gurenderkush\.m2\repository\org\codehaus\jackson\jackson-mapper-asl\1.9.13\jackson-mapper-asl-1.9.13.jar;C:\Users\gurenderkush\.m2\repository\org\tukaani\xz\1.5\xz-1.5.jar;C:\Users\gurenderkush\.m2\repository\org\apache\avro\avro-mapred\1.8.2\avro-mapred-1.8.2-hadoop2.jar;C:\Users\gurenderkush\.m2\repository\org\apache\avro\avro-ipc\1.8.2\avro-ipc-1.8.2.jar;C:\Users\gurenderkush\.m2\repository\com\twitter\chill_2.12\0.9.5\chill_2.12-0.9.5.jar;C:\Users\gurenderkush\.m2\repository\com\esotericsoftware\kryo-shaded\4.0.2\kryo-shaded-4.0.2.jar;C:\Users\gurenderkush\.m2\repository\com\esotericsoftware\minlog\1.3.0\minlog-1.3.0.jar;C:\Users\gurenderkush\.m2\repository\org\objenesis\objenesis\2.5.1\objenesis-2.5.1.jar;C:\Users\gurenderkush\.m2\repository\com\twitter\chill-java\0.9.5\chill-java-0.9.5.jar;C:\Users\gurenderkush\.m2\repository\org\apache\xbean\xbean-asm7-shaded\4.15\xbean-asm7-shaded-4.15.jar;C:\Users\gurenderkush\.m2\repository\org\apache\hadoop\hadoop-client\3.2.0\hadoop-client-3.2.0.jar;C:\Users\gurenderkush\.m2\repository\org\apache\hadoop\hadoop-common\3.2.0\hadoop-common-3.2.0.jar;C:\Users\gurenderkush\.m2\repository\commons-cli\commons-cli\1.2\commons-cli-1.2.jar;C:\Users\gurenderkush\.m2\repository\org\eclipse\jetty\jetty-servlet\9.3.24.v20180605\jetty-servlet-9.3.24.v20180605.jar;C:\Users\gurenderkush\.m2\repository\org\eclipse\jetty\jetty-security\9.3.24.v20180605\jetty-security-9.3.24.v20180605.jar;C:\Users\gurenderkush\.m2\repository\javax\servlet\jsp\jsp-api\2.1\jsp-api-2.1.jar;C:\Users\gurenderkush\.m2\repository\org\apache\commons\commons-configuration2\2.1.1\commons-configuration2-2.1.1.jar;C:\Users\gurenderkush\.m2\repository\com\google\re2j\re2j\1.1\re2j-1.1.jar;C:\Users\gurenderkush\.m2\repository\com\google\protobuf\protobuf-java\2.5.0\protobuf-java-2.5.0.jar;C:\Users\gurenderkush\.m2\repository\org\apache\hadoop\hadoop-auth\3.2.0\hadoop-auth-3.2.0.jar;C:\Users\gurenderkush\.m2\repository\com\nimbusds\nimbus-jose-jwt\4.41.1\nimbus-jose-jwt-4.41.1.jar;C:\Users\gurenderkush\.m2\repository\com\github\stephenc\jcip\jcip-annotations\1.0-1\jcip-annotations-1.0-1.jar;C:\Users\gurenderkush\.m2\repository\net\minidev\json-smart\2.3\json-smart-2.3.jar;C:\Users\gurenderkush\.m2\repository\net\minidev\accessors-smart\1.2\accessors-smart-1.2.jar;C:\Users\gurenderkush\.m2\repository\org\apache\curator\curator-client\2.12.0\curator-client-2.12.0.jar;C:\Users\gurenderkush\.m2\repository\org\apache\htrace\htrace-core4\4.1.0-incubating\htrace-core4-4.1.0-incubating.jar;C:\Users\gurenderkush\.m2\repository\org\apache\kerby\kerb-simplekdc\1.0.1\kerb-simplekdc-1.0.1.jar;C:\Users\gurenderkush\.m2\repository\org\apache\kerby\kerb-client\1.0.1\kerb-client-1.0.1.jar;C:\Users\gurenderkush\.m2\repository\org\apache\kerby\kerby-config\1.0.1\kerby-config-1.0.1.jar;C:\Users\gurenderkush\.m2\repository\org\apache\kerby\kerb-core\1.0.1\kerb-core-1.0.1.jar;C:\Users\gurenderkush\.m2\repository\org\apache\kerby\kerby-pkix\1.0.1\kerby-pkix-1.0.1.jar;C:\Users\gurenderkush\.m2\repository\org\apache\kerby\kerby-asn1\1.0.1\kerby-asn1-1.0.1.jar;C:\Users\gurenderkush\.m2\repository\org\apache\kerby\kerby-util\1.0.1\kerby-util-1.0.1.jar;C:\Users\gurenderkush\.m2\repository\org\apache\kerby\kerb-common\1.0.1\kerb-common-1.0.1.jar;C:\Users\gurenderkush\.m2\repository\org\apache\kerby\kerb-crypto\1.0.1\kerb-crypto-1.0.1.jar;C:\Users\gurenderkush\.m2\repository\org\apache\kerby\kerb-util\1.0.1\kerb-util-1.0.1.jar;C:\Users\gurenderkush\.m2\repository\org\apache\kerby\token-provider\1.0.1\token-provider-1.0.1.jar;C:\Users\gurenderkush\.m2\repository\org\apache\kerby\kerb-admin\1.0.1\kerb-admin-1.0.1.jar;C:\Users\gurenderkush\.m2\repository\org\apache\kerby\kerb-server\1.0.1\kerb-server-1.0.1.jar;C:\Users\gurenderkush\.m2\repository\org\apache\kerby\kerb-identity\1.0.1\kerb-identity-1.0.1.jar;C:\Users\gurenderkush\.m2\repository\org\apache\kerby\kerby-xdr\1.0.1\kerby-xdr-1.0.1.jar;C:\Users\gurenderkush\.m2\repository\org\codehaus\woodstox\stax2-api\3.1.4\stax2-api-3.1.4.jar;C:\Users\gurenderkush\.m2\repository\com\fasterxml\woodstox\woodstox-core\5.0.3\woodstox-core-5.0.3.jar;C:\Users\gurenderkush\.m2\repository\dnsjava\dnsjava\2.1.7\dnsjava-2.1.7.jar;C:\Users\gurenderkush\.m2\repository\org\apache\hadoop\hadoop-hdfs-client\3.2.0\hadoop-hdfs-client-3.2.0.jar;C:\Users\gurenderkush\.m2\repository\com\squareup\okhttp\okhttp\2.7.5\okhttp-2.7.5.jar;C:\Users\gurenderkush\.m2\repository\org\apache\hadoop\hadoop-yarn-api\3.2.0\hadoop-yarn-api-3.2.0.jar;C:\Users\gurenderkush\.m2\repository\org\apache\hadoop\hadoop-yarn-client\3.2.0\hadoop-yarn-client-3.2.0.jar;C:\Users\gurenderkush\.m2\repository\org\apache\hadoop\hadoop-mapreduce-client-core\3.2.0\hadoop-mapreduce-client-core-3.2.0.jar;C:\Users\gurenderkush\.m2\repository\org\apache\hadoop\hadoop-yarn-common\3.2.0\hadoop-yarn-common-3.2.0.jar;C:\Users\gurenderkush\.m2\repository\org\eclipse\jetty\jetty-util\9.3.24.v20180605\jetty-util-9.3.24.v20180605.jar;C:\Users\gurenderkush\.m2\repository\com\fasterxml\jackson\module\jackson-module-jaxb-annotations\2.9.5\jackson-module-jaxb-annotations-2.9.5.jar;C:\Users\gurenderkush\.m2\repository\com\fasterxml\jackson\jaxrs\jackson-jaxrs-json-provider\2.9.5\jackson-jaxrs-json-provider-2.9.5.jar;C:\Users\gurenderkush\.m2\repository\com\fasterxml\jackson\jaxrs\jackson-jaxrs-base\2.9.5\jackson-jaxrs-base-2.9.5.jar;C:\Users\gurenderkush\.m2\repository\org\apache\hadoop\hadoop-mapreduce-client-jobclient\3.2.0\hadoop-mapreduce-client-jobclient-3.2.0.jar;C:\Users\gurenderkush\.m2\repository\org\apache\hadoop\hadoop-mapreduce-client-common\3.2.0\hadoop-mapreduce-client-common-3.2.0.jar;C:\Users\gurenderkush\.m2\repository\org\apache\hadoop\hadoop-annotations\3.2.0\hadoop-annotations-3.2.0.jar;C:\Users\gurenderkush\.m2\repository\org\apache\spark\spark-launcher_2.12\3.1.2\spark-launcher_2.12-3.1.2.jar;C:\Users\gurenderkush\.m2\repository\org\apache\spark\spark-kvstore_2.12\3.1.2\spark-kvstore_2.12-3.1.2.jar;C:\Users\gurenderkush\.m2\repository\org\fusesource\leveldbjni\leveldbjni-all\1.8\leveldbjni-all-1.8.jar;C:\Users\gurenderkush\.m2\repository\org\apache\spark\spark-network-common_2.12\3.1.2\spark-network-common_2.12-3.1.2.jar;C:\Users\gurenderkush\.m2\repository\org\apache\spark\spark-network-shuffle_2.12\3.1.2\spark-network-shuffle_2.12-3.1.2.jar;C:\Users\gurenderkush\.m2\repository\org\apache\spark\spark-unsafe_2.12\3.1.2\spark-unsafe_2.12-3.1.2.jar;C:\Users\gurenderkush\.m2\repository\org\apache\curator\curator-recipes\2.13.0\curator-recipes-2.13.0.jar;C:\Users\gurenderkush\.m2\repository\org\apache\curator\curator-framework\2.13.0\curator-framework-2.13.0.jar;C:\Users\gurenderkush\.m2\repository\org\apache\zookeeper\zookeeper\3.4.14\zookeeper-3.4.14.jar;C:\Users\gurenderkush\.m2\repository\org\apache\yetus\audience-annotations\0.5.0\audience-annotations-0.5.0.jar;C:\Users\gurenderkush\.m2\repository\jakarta\servlet\jakarta.servlet-api\4.0.3\jakarta.servlet-api-4.0.3.jar;C:\Users\gurenderkush\.m2\repository\org\apache\commons\commons-text\1.6\commons-text-1.6.jar;C:\Users\gurenderkush\.m2\repository\org\slf4j\jul-to-slf4j\1.7.30\jul-to-slf4j-1.7.30.jar;C:\Users\gurenderkush\.m2\repository\org\slf4j\jcl-over-slf4j\1.7.30\jcl-over-slf4j-1.7.30.jar;C:\Users\gurenderkush\.m2\repository\org\slf4j\slf4j-log4j12\1.7.30\slf4j-log4j12-1.7.30.jar;C:\Users\gurenderkush\.m2\repository\com\ning\compress-lzf\1.0.3\compress-lzf-1.0.3.jar;C:\Users\gurenderkush\.m2\repository\org\xerial\snappy\snappy-java\1.1.8.2\snappy-java-1.1.8.2.jar;C:\Users\gurenderkush\.m2\repository\org\lz4\lz4-java\1.7.1\lz4-java-1.7.1.jar;C:\Users\gurenderkush\.m2\repository\com\github\luben\zstd-jni\1.4.8-1\zstd-jni-1.4.8-1.jar;C:\Users\gurenderkush\.m2\repository\org\roaringbitmap\RoaringBitmap\0.9.0\RoaringBitmap-0.9.0.jar;C:\Users\gurenderkush\.m2\repository\org\roaringbitmap\shims\0.9.0\shims-0.9.0.jar;C:\Users\gurenderkush\.m2\repository\commons-net\commons-net\3.1\commons-net-3.1.jar;C:\Users\gurenderkush\.m2\repository\org\scala-lang\modules\scala-xml_2.12\1.2.0\scala-xml_2.12-1.2.0.jar;C:\Users\gurenderkush\.m2\repository\org\scala-lang\scala-library\2.12.10\scala-library-2.12.10.jar;C:\Users\gurenderkush\.m2\repository\org\scala-lang\scala-reflect\2.12.10\scala-reflect-2.12.10.jar;C:\Users\gurenderkush\.m2\repository\org\json4s\json4s-jackson_2.12\3.7.0-M5\json4s-jackson_2.12-3.7.0-M5.jar;C:\Users\gurenderkush\.m2\repository\org\json4s\json4s-core_2.12\3.7.0-M5\json4s-core_2.12-3.7.0-M5.jar;C:\Users\gurenderkush\.m2\repository\org\json4s\json4s-ast_2.12\3.7.0-M5\json4s-ast_2.12-3.7.0-M5.jar;C:\Users\gurenderkush\.m2\repository\org\json4s\json4s-scalap_2.12\3.7.0-M5\json4s-scalap_2.12-3.7.0-M5.jar;C:\Users\gurenderkush\.m2\repository\org\glassfish\jersey\core\jersey-client\2.30\jersey-client-2.30.jar;C:\Users\gurenderkush\.m2\repository\jakarta\ws\rs\jakarta.ws.rs-api\2.1.6\jakarta.ws.rs-api-2.1.6.jar;C:\Users\gurenderkush\.m2\repository\org\glassfish\hk2\external\jakarta.inject\2.6.1\jakarta.inject-2.6.1.jar;C:\Users\gurenderkush\.m2\repository\org\glassfish\jersey\core\jersey-common\2.30\jersey-common-2.30.jar;C:\Users\gurenderkush\.m2\repository\jakarta\annotation\jakarta.annotation-api\1.3.5\jakarta.annotation-api-1.3.5.jar;C:\Users\gurenderkush\.m2\repository\org\glassfish\hk2\osgi-resource-locator\1.0.3\osgi-resource-locator-1.0.3.jar;C:\Users\gurenderkush\.m2\repository\org\glassfish\jersey\core\jersey-server\2.30\jersey-server-2.30.jar;C:\Users\gurenderkush\.m2\repository\org\glassfish\jersey\media\jersey-media-jaxb\2.30\jersey-media-jaxb-2.30.jar;C:\Users\gurenderkush\.m2\repository\jakarta\validation\jakarta.validation-api\2.0.2\jakarta.validation-api-2.0.2.jar;C:\Users\gurenderkush\.m2\repository\org\glassfish\jersey\containers\jersey-container-servlet\2.30\jersey-container-servlet-2.30.jar;C:\Users\gurenderkush\.m2\repository\org\glassfish\jersey\containers\jersey-container-servlet-core\2.30\jersey-container-servlet-core-2.30.jar;C:\Users\gurenderkush\.m2\repository\org\glassfish\jersey\inject\jersey-hk2\2.30\jersey-hk2-2.30.jar;C:\Users\gurenderkush\.m2\repository\org\glassfish\hk2\hk2-locator\2.6.1\hk2-locator-2.6.1.jar;C:\Users\gurenderkush\.m2\repository\org\glassfish\hk2\external\aopalliance-repackaged\2.6.1\aopalliance-repackaged-2.6.1.jar;C:\Users\gurenderkush\.m2\repository\org\glassfish\hk2\hk2-api\2.6.1\hk2-api-2.6.1.jar;C:\Users\gurenderkush\.m2\repository\org\glassfish\hk2\hk2-utils\2.6.1\hk2-utils-2.6.1.jar;C:\Users\gurenderkush\.m2\repository\io\netty\netty-all\4.1.51.Final\netty-all-4.1.51.Final.jar;C:\Users\gurenderkush\.m2\repository\com\clearspring\analytics\stream\2.9.6\stream-2.9.6.jar;C:\Users\gurenderkush\.m2\repository\io\dropwizard\metrics\metrics-core\4.1.1\metrics-core-4.1.1.jar;C:\Users\gurenderkush\.m2\repository\io\dropwizard\metrics\metrics-jvm\4.1.1\metrics-jvm-4.1.1.jar;C:\Users\gurenderkush\.m2\repository\io\dropwizard\metrics\metrics-json\4.1.1\metrics-json-4.1.1.jar;C:\Users\gurenderkush\.m2\repository\io\dropwizard\metrics\metrics-graphite\4.1.1\metrics-graphite-4.1.1.jar;C:\Users\gurenderkush\.m2\repository\io\dropwizard\metrics\metrics-jmx\4.1.1\metrics-jmx-4.1.1.jar;C:\Users\gurenderkush\.m2\repository\com\fasterxml\jackson\module\jackson-module-scala_2.12\2.10.0\jackson-module-scala_2.12-2.10.0.jar;C:\Users\gurenderkush\.m2\repository\com\fasterxml\jackson\module\jackson-module-paranamer\2.10.0\jackson-module-paranamer-2.10.0.jar;C:\Users\gurenderkush\.m2\repository\org\apache\ivy\ivy\2.4.0\ivy-2.4.0.jar;C:\Users\gurenderkush\.m2\repository\oro\oro\2.0.8\oro-2.0.8.jar;C:\Users\gurenderkush\.m2\repository\net\razorvine\pyrolite\4.30\pyrolite-4.30.jar;C:\Users\gurenderkush\.m2\repository\net\sf\py4j\py4j\0.10.9\py4j-0.10.9.jar;C:\Users\gurenderkush\.m2\repository\org\apache\spark\spark-tags_2.12\3.1.2\spark-tags_2.12-3.1.2.jar;C:\Users\gurenderkush\.m2\repository\org\apache\commons\commons-crypto\1.1.0\commons-crypto-1.1.0.jar;C:\Users\gurenderkush\.m2\repository\org\spark-project\spark\unused\1.0.0\unused-1.0.0.jar;C:\Users\gurenderkush\.m2\repository\org\apache\commons\commons-lang3\3.12.0\commons-lang3-3.12.0.jar;C:\Users\gurenderkush\.m2\repository\com\sun\xml\bind\jaxb-core\2.3.0.1\jaxb-core-2.3.0.1.jar;C:\Users\gurenderkush\.m2\repository\javax\xml\bind\jaxb-api\2.3.1\jaxb-api-2.3.1.jar;C:\Users\gurenderkush\.m2\repository\javax\activation\javax.activation-api\1.2.0\javax.activation-api-1.2.0.jar;C:\Users\gurenderkush\.m2\repository\com\sun\xml\bind\jaxb-impl\2.3.1\jaxb-impl-2.3.1.jar;C:\Users\gurenderkush\.m2\repository\org\javassist\javassist\3.25.0-GA\javassist-3.25.0-GA.jar;C:\Users\gurenderkush\.m2\repository\io\rest-assured\rest-assured\4.3.0\rest-assured-4.3.0.jar;C:\Users\gurenderkush\.m2\repository\org\codehaus\groovy\groovy\3.0.2\groovy-3.0.2.jar;C:\Users\gurenderkush\.m2\repository\org\codehaus\groovy\groovy-xml\3.0.2\groovy-xml-3.0.2.jar;C:\Users\gurenderkush\.m2\repository\org\hamcrest\hamcrest\2.1\hamcrest-2.1.jar;C:\Users\gurenderkush\.m2\repository\org\ccil\cowan\tagsoup\tagsoup\1.2.1\tagsoup-1.2.1.jar;C:\Users\gurenderkush\.m2\repository\io\rest-assured\xml-path\4.3.0\xml-path-4.3.0.jar;C:\Users\gurenderkush\.m2\repository\jakarta\xml\bind\jakarta.xml.bind-api\2.3.2\jakarta.xml.bind-api-2.3.2.jar;C:\Users\gurenderkush\.m2\repository\jakarta\activation\jakarta.activation-api\1.2.1\jakarta.activation-api-1.2.1.jar;C:\Users\gurenderkush\.m2\repository\com\sun\xml\bind\jaxb-osgi\2.3.0.1\jaxb-osgi-2.3.0.1.jar;C:\Users\gurenderkush\.m2\repository\org\apache\sling\org.apache.sling.javax.activation\0.1.0\org.apache.sling.javax.activation-0.1.0.jar;C:\Users\gurenderkush\.m2\repository\org\apache\velocity\velocity\1.7\velocity-1.7.jar;C:\Users\gurenderkush\.m2\repository\commons-lang\commons-lang\2.4\commons-lang-2.4.jar;C:\Users\gurenderkush\.m2\repository\com\google\inject\guice\4.2.3\guice-4.2.3.jar;C:\Users\gurenderkush\.m2\repository\javax\inject\javax.inject\1\javax.inject-1.jar;C:\Users\gurenderkush\.m2\repository\aopalliance\aopalliance\1.0\aopalliance-1.0.jar;C:\Users\gurenderkush\.m2\repository\org\hamcrest\hamcrest-all\1.3\hamcrest-all-1.3.jar;C:\Users\gurenderkush\.m2\repository\com\google\code\gson\gson\2.8.6\gson-2.8.6.jar;C:\Users\gurenderkush\.m2\repository\org\jsoup\jsoup\1.13.1\jsoup-1.13.1.jar;C:\Users\gurenderkush\.m2\repository\io\rest-assured\json-path\4.3.1\json-path-4.3.1.jar;C:\Users\gurenderkush\.m2\repository\org\codehaus\groovy\groovy-json\3.0.3\groovy-json-3.0.3.jar;C:\Users\gurenderkush\.m2\repository\io\rest-assured\rest-assured-common\4.3.1\rest-assured-common-4.3.1.jar;C:\Users\gurenderkush\.m2\repository\org\apache\httpcomponents\httpclient\4.5.12\httpclient-4.5.12.jar;C:\Users\gurenderkush\.m2\repository\org\apache\httpcomponents\httpcore\4.4.13\httpcore-4.4.13.jar;C:\Users\gurenderkush\.m2\repository\org\json\json\20200518\json-20200518.jar;C:\Users\gurenderkush\.m2\repository\com\fasterxml\jackson\core\jackson-databind\2.11.2\jackson-databind-2.11.2.jar;C:\Users\gurenderkush\.m2\repository\com\fasterxml\jackson\core\jackson-annotations\2.11.2\jackson-annotations-2.11.2.jar;C:\Users\gurenderkush\.m2\repository\com\fasterxml\jackson\core\jackson-core\2.11.2\jackson-core-2.11.2.jar;C:\Users\gurenderkush\.m2\repository\com\aventstack\extentreports-cucumber4-adapter\1.2.1\extentreports-cucumber4-adapter-1.2.1.jar;C:\Users\gurenderkush\.m2\repository\com\aventstack\klov-reporter\5.0.1\klov-reporter-5.0.1.jar;C:\Users\gurenderkush\.m2\repository\io\cucumber\cucumber-java\4.7.4\cucumber-java-4.7.4.jar;C:\Users\gurenderkush\.m2\repository\io\cucumber\cucumber-core\4.7.4\cucumber-core-4.7.4.jar;C:\Users\gurenderkush\.m2\repository\io\cucumber\gherkin\5.1.0\gherkin-5.1.0.jar;C:\Users\gurenderkush\.m2\repository\io\cucumber\tag-expressions\1.1.1\tag-expressions-1.1.1.jar;C:\Users\gurenderkush\.m2\repository\io\cucumber\cucumber-expressions\7.0.2\cucumber-expressions-7.0.2.jar;C:\Users\gurenderkush\.m2\repository\io\cucumber\datatable\1.1.14\datatable-1.1.14.jar;C:\Users\gurenderkush\.m2\repository\io\cucumber\datatable-dependencies\1.1.14\datatable-dependencies-1.1.14.jar;C:\Users\gurenderkush\.m2\repository\org\apiguardian\apiguardian-api\1.1.0\apiguardian-api-1.1.0.jar;C:\Users\gurenderkush\.m2\repository\com\googlecode\json-simple\json-simple\1.1.1\json-simple-1.1.1.jar;C:\Users\gurenderkush\.m2\repository\org\seleniumhq\selenium\selenium-java\3.141.59\selenium-java-3.141.59.jar;C:\Users\gurenderkush\.m2\repository\org\seleniumhq\selenium\selenium-chrome-driver\3.141.59\selenium-chrome-driver-3.141.59.jar;C:\Users\gurenderkush\.m2\repository\org\seleniumhq\selenium\selenium-edge-driver\3.141.59\selenium-edge-driver-3.141.59.jar;C:\Users\gurenderkush\.m2\repository\org\seleniumhq\selenium\selenium-firefox-driver\3.141.59\selenium-firefox-driver-3.141.59.jar;C:\Users\gurenderkush\.m2\repository\org\seleniumhq\selenium\selenium-ie-driver\3.141.59\selenium-ie-driver-3.141.59.jar;C:\Users\gurenderkush\.m2\repository\org\seleniumhq\selenium\selenium-opera-driver\3.141.59\selenium-opera-driver-3.141.59.jar;C:\Users\gurenderkush\.m2\repository\org\seleniumhq\selenium\selenium-remote-driver\3.141.59\selenium-remote-driver-3.141.59.jar;C:\Users\gurenderkush\.m2\repository\org\seleniumhq\selenium\selenium-safari-driver\3.141.59\selenium-safari-driver-3.141.59.jar;C:\Users\gurenderkush\.m2\repository\net\bytebuddy\byte-buddy\1.8.15\byte-buddy-1.8.15.jar;C:\Users\gurenderkush\.m2\repository\org\apache\commons\commons-exec\1.3\commons-exec-1.3.jar;C:\Users\gurenderkush\.m2\repository\com\squareup\okhttp3\okhttp\3.11.0\okhttp-3.11.0.jar;C:\Users\gurenderkush\.m2\repository\com\squareup\okio\okio\1.14.0\okio-1.14.0.jar;C:\Users\gurenderkush\.m2\repository\org\seleniumhq\selenium\selenium-api\3.141.59\selenium-api-3.141.59.jar;"/>
    <property name="sun.cpu.endian" value="little"/>
    <property name="user.home" value="C:\Users\gurenderkush"/>
    <property name="user.language" value="en"/>
    <property name="java.specification.vendor" value="Oracle Corporation"/>
    <property name="java.home" value="C:\Program Files\Java\jdk1.8.0_202\jre"/>
    <property name="basedir" value="D:\workspace\Unlimint_Automation"/>
    <property name="style.color" value="always"/>
    <property name="file.separator" value="\"/>
    <property name="line.separator" value="&#10;"/>
    <property name="java.vm.specification.vendor" value="Oracle Corporation"/>
    <property name="java.specification.name" value="Java Platform API Specification"/>
    <property name="java.awt.graphicsenv" value="sun.awt.Win32GraphicsEnvironment"/>
    <property name="Environment" value="PREPROD"/>
    <property name="surefire.real.class.path" value="C:\Users\gurenderkush\AppData\Local\Temp\surefire7698850767481495757\surefirebooter8775814570685217256.jar"/>
    <property name="sun.boot.class.path" value="C:\Program Files\Java\jdk1.8.0_202\jre\lib\resources.jar;C:\Program Files\Java\jdk1.8.0_202\jre\lib\rt.jar;C:\Program Files\Java\jdk1.8.0_202\jre\lib\sunrsasign.jar;C:\Program Files\Java\jdk1.8.0_202\jre\lib\jsse.jar;C:\Program Files\Java\jdk1.8.0_202\jre\lib\jce.jar;C:\Program Files\Java\jdk1.8.0_202\jre\lib\charsets.jar;C:\Program Files\Java\jdk1.8.0_202\jre\lib\jfr.jar;C:\Program Files\Java\jdk1.8.0_202\jre\classes"/>
    <property name="user.script" value=""/>
    <property name="sun.management.compiler" value="HotSpot 64-Bit Tiered Compilers"/>
    <property name="java.runtime.version" value="1.8.0_202-b08"/>
    <property name="user.name" value="gurenderkush"/>
    <property name="path.separator" value=";"/>
    <property name="os.version" value="10.0"/>
    <property name="java.endorsed.dirs" value="C:\Program Files\Java\jdk1.8.0_202\jre\lib\endorsed"/>
    <property name="java.runtime.name" value="Java(TM) SE Runtime Environment"/>
    <property name="file.encoding" value="Cp1252"/>
    <property name="java.vm.name" value="Java HotSpot(TM) 64-Bit Server VM"/>
    <property name="platformName" value="chrome"/>
    <property name="localRepository" value="C:\Users\gurenderkush\.m2\repository"/>
    <property name="java.vendor.url.bug" value="http://bugreport.sun.com/bugreport/"/>
    <property name="java.io.tmpdir" value="C:\Users\GUREND~1\AppData\Local\Temp\"/>
    <property name="java.version" value="1.8.0_202"/>
    <property name="user.dir" value="D:\workspace\Unlimint_Automation"/>
    <property name="os.arch" value="amd64"/>
    <property name="java.vm.specification.name" value="Java Virtual Machine Specification"/>
    <property name="java.awt.printerjob" value="sun.awt.windows.WPrinterJob"/>
    <property name="sun.os.patch.level" value=""/>
    <property name="java.library.path" value="C:\Program Files\Java\jdk1.8.0_202\jre\bin;C:\Windows\Sun\Java\bin;C:\Windows\system32;C:\Windows;C:/Users/gurenderkush/.p2/pool/plugins/org.eclipse.justj.openjdk.hotspot.jre.full.win32.x86_64_17.0.5.v20221102-0933/jre/bin/server;C:/Users/gurenderkush/.p2/pool/plugins/org.eclipse.justj.openjdk.hotspot.jre.full.win32.x86_64_17.0.5.v20221102-0933/jre/bin;C:\Windows\system32;C:\Windows;C:\Windows\System32\Wbem;C:\Windows\System32\WindowsPowerShell\v1.0\;C:\Windows\System32\OpenSSH\;C:\Program Files\TortoiseSVN\bin;C:\Program Files\Java\jdk1.8.0_202\bin;C:\Maven\apache-maven-3.8.5\bin;C:\Program Files\nodejs\;C:\Program Files\Git\cmd;C:\Program Files\Java\jdk1.8.0_202\bin;C:\Users\gurenderkush\Desktop;;."/>
    <property name="java.vm.info" value="mixed mode"/>
    <property name="java.vendor" value="Oracle Corporation"/>
    <property name="java.vm.version" value="25.202-b08"/>
    <property name="java.ext.dirs" value="C:\Program Files\Java\jdk1.8.0_202\jre\lib\ext;C:\Windows\Sun\Java\lib\ext"/>
    <property name="sun.io.unicode.encoding" value="UnicodeLittle"/>
    <property name="java.class.version" value="52.0"/>
    <property name="buildDirectory" value="D:\workspace\Unlimint_Automation\target"/>
  </properties>
  <testcase name="feature[Generate run time user](1)" classname="com.unlimint.Runner.RunCucumberFeatures" time="44.107">
    <system-out><![CDATA[{"results":[{"gender":"male","name":{"title":"Mr","first":"Jamie","last":"Hernandez"},"location":{"street":{"number":2376,"name":"Frances Ct"},"city":"San Diego","state":"Oklahoma","country":"United States","postcode":72700,"coordinates":{"latitude":"-45.9168","longitude":"-39.1417"},"timezone":{"offset":"+1:00","description":"Brussels, Copenhagen, Madrid, Paris"}},"email":"jamie.hernandez@example.com","login":{"uuid":"76734cbb-416f-424e-af9b-c894b4ce49d9","username":"organicpanda786","password":"water","salt":"pez8hq6j","md5":"511fcb39021c17971e9ba8887779a9a1","sha1":"b623c2038b7f8f3aa29b589b694a66ce9327d3a7","sha256":"d3820fca0b28245002f9511c882f0f0a31aa45c1147607edd233896489f318ac"},"dob":{"date":"1975-04-19T16:08:11.306Z","age":47},"registered":{"date":"2014-09-21T17:05:00.516Z","age":8},"phone":"(727) 936-8653","cell":"(852) 932-9564","id":{"name":"SSN","value":"806-78-8233"},"picture":{"large":"https://randomuser.me/api/portraits/men/25.jpg","medium":"https://randomuser.me/api/portraits/med/men/25.jpg","thumbnail":"https://randomuser.me/api/portraits/thumb/men/25.jpg"},"nat":"US"}],"info":{"seed":"eaf696aba11e82d3","results":1,"page":1,"version":"1.4"}}
00:00  INFO: Starting Chrome Driver
2022-12-08 20:15:36  INFO (WebDriverManager.java:606) Using chromedriver 107.0.5304.62 (resolved driver for Chrome 107)
2022-12-08 20:15:36  INFO (WebDriverManager.java:662) Exporting webdriver.chrome.driver as C:\Users\gurenderkush\.cache\selenium\chromedriver\win32\107.0.5304.62\chromedriver.exe
2022-12-08 20:15:45  INFO (Log.java:50) finding Web element By.xpath: /html/body/div[2]/header/div[1]/div/ul/li[3]/a
2022-12-08 20:15:45  INFO (Log.java:50) Clicking on Click on create account link
2022-12-08 20:15:47  INFO (Log.java:50) Pass:Successfully clicked on Click on create account link
2022-12-08 20:15:47  INFO (Log.java:50) finding Web element By.xpath: //span[text()='Create New Customer Account']
2022-12-08 20:15:47  INFO (Log.java:50) Getting Element Text
2022-12-08 20:15:47  INFO (Log.java:50) Pass:Text is:Create New Customer Account
2022-12-08 20:15:47  INFO (Log.java:50) finding Web element By.xpath: //span[text()='Create New Customer Account']
2022-12-08 20:15:47  INFO (Log.java:50) Getting Element Text
2022-12-08 20:15:47  INFO (Log.java:50) Pass:Text is:Create New Customer Account
2022-12-08 20:15:47  INFO (Log.java:50) finding Web element By.xpath: //*[@id="firstname"]
2022-12-08 20:15:47  INFO (Log.java:50) Setting text
2022-12-08 20:15:47  INFO (Log.java:50) Pass:Jamie is entered
2022-12-08 20:15:47  INFO (Log.java:50) finding Web element By.xpath: //*[@id="lastname"]
2022-12-08 20:15:47  INFO (Log.java:50) Setting text
2022-12-08 20:15:47  INFO (Log.java:50) Pass:Hernandez is entered
2022-12-08 20:15:47  INFO (Log.java:50) finding Web element By.xpath: //*[@id="email_address"]
2022-12-08 20:15:47  INFO (Log.java:50) Setting text
2022-12-08 20:15:47  INFO (Log.java:50) Pass:jamie.hernandez@example.com is entered
2022-12-08 20:15:47  INFO (Log.java:50) finding Web element By.xpath: //*[@id="password"]
2022-12-08 20:15:47  INFO (Log.java:50) Setting text
2022-12-08 20:15:47  INFO (Log.java:50) Pass:Unlimint@56789 is entered
2022-12-08 20:15:47  INFO (Log.java:50) finding Web element By.xpath: //*[@id="password-confirmation"]
2022-12-08 20:15:47  INFO (Log.java:50) Setting text
2022-12-08 20:15:48  INFO (Log.java:50) Pass:Unlimint@56789 is entered
2022-12-08 20:15:48  INFO (Log.java:50) finding Web element By.xpath: //span[text()='Create an Account']
2022-12-08 20:15:48  INFO (Log.java:50) Clicking on Click on create account button
2022-12-08 20:15:51  INFO (Log.java:50) Pass:Successfully clicked on Click on create account button
2022-12-08 20:15:51  INFO (Log.java:50) finding Web element By.xpath: //span[text()='Men']
2022-12-08 20:15:51  INFO (Log.java:50) finding Web element By.xpath: //*[@id="ui-id-17"]
2022-12-08 20:15:51  INFO (Log.java:50) finding Web element By.xpath: //*[@id="ui-id-19"]/span
2022-12-08 20:15:51  INFO (Log.java:50) Waiting for wait to display
2022-12-08 20:15:51  INFO (Log.java:50) Pass:wait is displayed
2022-12-08 20:15:53  INFO (Log.java:50) finding Web element By.xpath: //ol[@class='products list items product-items']/li//img
2022-12-08 20:15:53  INFO (Log.java:50) Clicking on select an item
2022-12-08 20:15:55  INFO (Log.java:50) Pass:Successfully clicked on select an item
2022-12-08 20:15:55  INFO (Log.java:50) finding Web element By.xpath: //*[@id="option-label-color-93-item-49"]
2022-12-08 20:15:55  INFO (Log.java:50) Clicking on choose the color
2022-12-08 20:15:55  INFO (Log.java:50) Pass:Successfully clicked on choose the color
2022-12-08 20:15:55  INFO (Log.java:50) finding Web element By.xpath: //*[@id="option-label-size-143-item-170"]
2022-12-08 20:15:55  INFO (Log.java:50) Clicking on choose the size
2022-12-08 20:15:55  INFO (Log.java:50) Pass:Successfully clicked on choose the size
2022-12-08 20:15:55  INFO (Log.java:50) finding Web element By.xpath: //*[@id="product-addtocart-button"]/span
2022-12-08 20:15:55  INFO (Log.java:50) Clicking on add to cart
2022-12-08 20:15:55  INFO (Log.java:50) Pass:Successfully clicked on add to cart
2022-12-08 20:15:55  INFO (Log.java:50) finding Web element By.xpath: /html/body/div[2]/header/div[2]/div[1]/a
2022-12-08 20:15:55  INFO (Log.java:50) Waiting for element to display
2022-12-08 20:15:55  INFO (Log.java:50) Pass:element is displayed
2022-12-08 20:16:00  INFO (Log.java:50) finding Web element By.xpath: /html/body/div[2]/header/div[2]/div[1]/a
2022-12-08 20:16:00  INFO (Log.java:50) Clicking on 
2022-12-08 20:16:00  INFO (Log.java:50) Pass:Successfully clicked on 
2022-12-08 20:16:00  INFO (Log.java:50) finding Web element By.xpath: //*[@id="top-cart-btn-checkout"]
2022-12-08 20:16:00  INFO (Log.java:50) Clicking on checkout
2022-12-08 20:16:02  INFO (Log.java:50) Pass:Successfully clicked on checkout
2022-12-08 20:16:07  INFO (Log.java:50) finding Web element By.xpath: //input[@name='street[0]']
2022-12-08 20:16:07  INFO (Log.java:50) Setting text
2022-12-08 20:16:07  INFO (Log.java:50) Pass:Frances Ct is entered
2022-12-08 20:16:07  INFO (Log.java:50) finding Web element By.xpath: //input[@name='city']
2022-12-08 20:16:07  INFO (Log.java:50) Setting text
2022-12-08 20:16:07  INFO (Log.java:50) Pass:San Diego is entered
2022-12-08 20:16:07  INFO (Log.java:50) finding Web element By.xpath: //select[@name='region_id']
2022-12-08 20:16:07  INFO (Log.java:50) Select value
2022-12-08 20:16:07  INFO (Log.java:50) finding Web element By.xpath: //input[@name='postcode']
2022-12-08 20:16:07  INFO (Log.java:50) Setting text
2022-12-08 20:16:07  INFO (Log.java:50) Pass:72700 is entered
2022-12-08 20:16:07  INFO (Log.java:50) finding Web element By.xpath: //input[@name='telephone']
2022-12-08 20:16:07  INFO (Log.java:50) Setting text
2022-12-08 20:16:08  INFO (Log.java:50) Pass:(727) 936-8653 is entered
2022-12-08 20:16:08  INFO (Log.java:50) finding Web element By.xpath: //input[@name='ko_unique_1']
2022-12-08 20:16:08  INFO (Log.java:50) Clicking on shipping method
2022-12-08 20:16:08  INFO (Log.java:50) Pass:Successfully clicked on shipping method
2022-12-08 20:16:08  INFO (Log.java:50) finding Web element By.xpath: //*[@id="shipping-method-buttons-container"]/div/button/span
2022-12-08 20:16:08  INFO (Log.java:50) Clicking on next button
2022-12-08 20:16:08  INFO (Log.java:50) Pass:Successfully clicked on next button
2022-12-08 20:16:16  INFO (Log.java:50) finding Web element By.xpath: //button[@title='Place Order']
2022-12-08 20:16:16  INFO (Log.java:50) Clicking on place order button
2022-12-08 20:16:16  INFO (Log.java:50) Pass:Successfully clicked on place order button
2022-12-08 20:16:16  INFO (Log.java:50) finding Web element By.xpath: //span[@data-ui-id='page-title-wrapper']
2022-12-08 20:16:16  INFO (Log.java:50) Getting Element Text
2022-12-08 20:16:16  INFO (Log.java:50) Pass:Text is:Checkout
]]></system-out>
    <system-err><![CDATA[Starting ChromeDriver 107.0.5304.62 (1eec40d3a5764881c92085aaee66d25075c159aa-refs/branch-heads/5304@{#942}) on port 16747
Only local connections are allowed.
Please see https://chromedriver.chromium.org/security-considerations for suggestions on keeping ChromeDriver safe.
ChromeDriver was started successfully.
Dec 08, 2022 8:15:38 PM org.openqa.selenium.remote.ProtocolHandshake createSession
INFO: Detected dialect: W3C
]]></system-err>
  </testcase>
</testsuite>