<?xml version="1.0" encoding="UTF-8"?>
<!-- Generated by org.testng.reporters.JUnitReportReporter -->
<testsuite skipped="0" hostname="IN-PG02P5XL" name="com.unlimint.Runner.RunCucumberFeatures" tests="1" failures="0" timestamp="2022-12-08T09:45:36 IST" time="64.952" errors="0">
  <testcase name="feature" time="64.952" classname="com.unlimint.Runner.RunCucumberFeatures"/>
  <system-out/>
</testsuite> <!-- com.unlimint.Runner.RunCucumberFeatures -->
